2024-03-12 09:13:51,218 [INFO] Activator:176 - 


2024-03-12 09:13:51,229 [INFO] Activator:177 - !SESSION log4j initialized
2024-03-12 09:14:00,781 [INFO] LogOutputStream:77 - [STDOUT_REDIRECT] 
2024-03-12 09:14:02,083 [INFO] ApplicationProperties:184 - Using Application install path: O:\STM32CubeIDE_1.13.2\STM32CubeIDE\plugins\com.st.stm32cube.common.mx_6.9.2.202309101412
2024-03-12 09:14:02,120 [INFO] DbMcusXml:78 - Set database path to: O:\STM32CubeIDE_1.13.2\STM32CubeIDE\plugins\com.st.stm32cube.common.mx_6.9.2.202309101412\\db\/mcu/
2024-03-12 09:14:02,120 [INFO] ApiDb:274 - Set plugin database path to: O:\STM32CubeIDE_1.13.2\STM32CubeIDE\plugins\com.st.stm32cube.common.mx_6.9.2.202309101412\\db\/plugins/boardmanager/
2024-03-12 09:14:02,122 [WARN] ApiDb:259 - Overriding images path with different value:  => O:\STM32CubeIDE_1.13.2\STM32CubeIDE\plugins\com.st.stm32cube.common.mx_6.9.2.202309101412\\db\/plugins/mcufinder/images/
2024-03-12 09:14:02,146 [INFO] ApiDb:250 - Set database path to: C:\Users\ledin\.stmcufinder\plugins\mcufinder//mcu/
2024-03-12 09:14:02,148 [INFO] DbMcusAds:125 - Set database path to: C:\Users\ledin\.stmcufinder\plugins\mcufinder//mcu/
2024-03-12 09:14:02,151 [INFO] CrossReferenceDbSqlite:203 - Set database path to: C:\Users\ledin\.stmcufinder\plugins\mcufinder//mcu/cs/
2024-03-12 09:14:02,367 [INFO] RulesReader:64 - Compatibility file has been processed (293 Rules)
2024-03-12 09:14:02,514 [INFO] DbMcusXml:78 - Set database path to: O:\STM32CubeIDE_1.13.2\STM32CubeIDE\plugins\com.st.stm32cube.common.mx_6.9.2.202309101412\\db\/mcu/
2024-03-12 09:14:02,514 [INFO] ApiDb:274 - Set plugin database path to: O:\STM32CubeIDE_1.13.2\STM32CubeIDE\plugins\com.st.stm32cube.common.mx_6.9.2.202309101412\\db\/plugins/boardmanager/
2024-03-12 09:14:02,514 [INFO] ApiDb:261 - Set plugin images path to: O:\STM32CubeIDE_1.13.2\STM32CubeIDE\plugins\com.st.stm32cube.common.mx_6.9.2.202309101412\\db\/plugins/mcufinder/images/
2024-03-12 09:14:02,514 [WARN] DbFile:41 - Overriding database path with different value: C:\Users\ledin\.stmcufinder\plugins\mcufinder/ => C:\Users\ledin\.stmcufinder\plugins\mcufinder
2024-03-12 09:14:02,515 [INFO] ApiDb:250 - Set database path to: C:\Users\ledin\.stmcufinder\plugins\mcufinder//mcu/
2024-03-12 09:14:02,515 [WARN] DbFile:41 - Overriding database path with different value: C:\Users\ledin\.stmcufinder\plugins\mcufinder/ => C:\Users\ledin\.stmcufinder\plugins\mcufinder
2024-03-12 09:14:02,515 [INFO] DbMcusAds:125 - Set database path to: C:\Users\ledin\.stmcufinder\plugins\mcufinder//mcu/
2024-03-12 09:14:02,515 [WARN] DbFile:41 - Overriding database path with different value: C:\Users\ledin\.stmcufinder\plugins\mcufinder/ => C:\Users\ledin\.stmcufinder\plugins\mcufinder
2024-03-12 09:14:02,515 [WARN] DbFile:41 - Overriding database path with different value: C:\Users\ledin\.stmcufinder\plugins\mcufinder/ => C:\Users\ledin\.stmcufinder\plugins\mcufinder
2024-03-12 09:14:02,515 [INFO] CrossReferenceDbSqlite:203 - Set database path to: C:\Users\ledin\.stmcufinder\plugins\mcufinder//mcu/cs/
2024-03-12 09:14:02,690 [INFO] MainPanel:262 - HeapMemory: 268435456
2024-03-12 09:14:02,858 [INFO] DbMcusXml:78 - Set database path to: O:\STM32CubeIDE_1.13.2\STM32CubeIDE\plugins\com.st.stm32cube.common.mx_6.9.2.202309101412\\db\/mcu/
2024-03-12 09:14:02,858 [INFO] ApiDb:274 - Set plugin database path to: O:\STM32CubeIDE_1.13.2\STM32CubeIDE\plugins\com.st.stm32cube.common.mx_6.9.2.202309101412\\db\/plugins/boardmanager/
2024-03-12 09:14:02,858 [INFO] ApiDb:261 - Set plugin images path to: O:\STM32CubeIDE_1.13.2\STM32CubeIDE\plugins\com.st.stm32cube.common.mx_6.9.2.202309101412\\db\/plugins/mcufinder/images/
2024-03-12 09:14:02,860 [WARN] DbFile:41 - Overriding database path with different value: C:\Users\ledin\.stmcufinder\plugins\mcufinder/ => C:\Users\ledin\.stmcufinder\plugins\mcufinder
2024-03-12 09:14:02,860 [INFO] ApiDb:250 - Set database path to: C:\Users\ledin\.stmcufinder\plugins\mcufinder//mcu/
2024-03-12 09:14:02,860 [WARN] DbFile:41 - Overriding database path with different value: C:\Users\ledin\.stmcufinder\plugins\mcufinder/ => C:\Users\ledin\.stmcufinder\plugins\mcufinder
2024-03-12 09:14:02,860 [INFO] DbMcusAds:125 - Set database path to: C:\Users\ledin\.stmcufinder\plugins\mcufinder//mcu/
2024-03-12 09:14:02,861 [WARN] DbFile:41 - Overriding database path with different value: C:\Users\ledin\.stmcufinder\plugins\mcufinder/ => C:\Users\ledin\.stmcufinder\plugins\mcufinder
2024-03-12 09:14:02,861 [WARN] DbFile:41 - Overriding database path with different value: C:\Users\ledin\.stmcufinder\plugins\mcufinder/ => C:\Users\ledin\.stmcufinder\plugins\mcufinder
2024-03-12 09:14:02,861 [INFO] CrossReferenceDbSqlite:203 - Set database path to: C:\Users\ledin\.stmcufinder\plugins\mcufinder//mcu/cs/
2024-03-12 09:14:02,900 [INFO] ApplicationProperties:184 - Using Application install path: O:\STM32CubeIDE_1.13.2\STM32CubeIDE\plugins\com.st.stm32cube.common.mx_6.9.2.202309101412
2024-03-12 09:14:02,903 [INFO] PluginManage:196 - Search for loadable plugins [exclusion list=, ]
2024-03-12 09:14:02,906 [INFO] PluginManage:310 - Check plugin analytics
2024-03-12 09:14:03,203 [INFO] AnalyticsPlugin:253 - Accepted Software Licenses: STM32CubeMX.6.8.1,STM32CubeMX.6.9.2
2024-03-12 09:14:03,204 [INFO] AnalyticsPlugin:255 - Accepted CMSIS Pack Licenses: 
2024-03-12 09:14:03,204 [INFO] AnalyticsPlugin:257 - Accepted Firmware Licenses: FW.F4.1.27.0
2024-03-12 09:14:03,210 [INFO] PluginManage:359 - Loaded plugin analytics (category:tool,tabindex:-1)
2024-03-12 09:14:03,210 [INFO] PluginManage:310 - Check plugin cadmodel
2024-03-12 09:14:03,220 [INFO] CADModel:105 - Init CAD model plugin
2024-03-12 09:14:03,220 [INFO] PluginManage:359 - Loaded plugin cadmodel (category:power,tabindex:5)
2024-03-12 09:14:03,220 [INFO] PluginManage:310 - Check plugin clock
2024-03-12 09:14:03,238 [INFO] PluginManage:359 - Loaded plugin clock (category:base,tabindex:2)
2024-03-12 09:14:03,239 [INFO] PluginManage:310 - Check plugin ddr
2024-03-12 09:14:03,242 [INFO] PluginManage:359 - Loaded plugin ddr (category:tool,tabindex:6)
2024-03-12 09:14:03,242 [INFO] PluginManage:310 - Check plugin filemanager
2024-03-12 09:14:03,459 [INFO] PluginManage:359 - Loaded plugin filemanager (category:base,tabindex:10)
2024-03-12 09:14:03,459 [INFO] PluginManage:310 - Check plugin ipmanager
2024-03-12 09:14:03,472 [INFO] PluginManage:359 - Loaded plugin ipmanager (category:base,tabindex:5)
2024-03-12 09:14:03,472 [INFO] PluginManage:310 - Check plugin lpbam
2024-03-12 09:14:03,487 [INFO] PluginManage:359 - Loaded plugin lpbam (category:base,tabindex:0)
2024-03-12 09:14:03,488 [INFO] PluginManage:310 - Check plugin memorymap
2024-03-12 09:14:03,512 [INFO] PluginManage:359 - Loaded plugin memorymap (category:base,tabindex:4)
2024-03-12 09:14:03,512 [INFO] PluginManage:310 - Check plugin pinoutandconfiguration
2024-03-12 09:14:03,526 [INFO] PluginManage:359 - Loaded plugin pinoutandconfiguration (category:base,tabindex:1)
2024-03-12 09:14:03,527 [INFO] PluginManage:310 - Check plugin pinoutconfig
2024-03-12 09:14:03,697 [WARN] SupportedApi:132 - Cannot load RTOS API schema: s4s-elt-must-match.1: The content of 'definitions' must match (annotation?, (simpleType | complexType)?, (unique | key | keyref)*)). A problem was found starting at: attribute.
2024-03-12 09:14:03,949 [INFO] PluginManage:359 - Loaded plugin pinoutconfig (category:base,tabindex:0)
2024-03-12 09:14:03,949 [INFO] PluginManage:310 - Check plugin power
2024-03-12 09:14:03,971 [INFO] PluginManage:359 - Loaded plugin power (category:power,tabindex:4)
2024-03-12 09:14:03,972 [INFO] PluginManage:310 - Check plugin projectmanager
2024-03-12 09:14:03,998 [INFO] PluginManage:359 - Loaded plugin projectmanager (category:projectmanager,tabindex:3)
2024-03-12 09:14:03,998 [INFO] PluginManage:310 - Check plugin thirdparty
2024-03-12 09:14:04,258 [INFO] PluginManage:359 - Loaded plugin thirdparty (category:base,tabindex:-1)
2024-03-12 09:14:04,258 [INFO] PluginManage:310 - Check plugin tools
2024-03-12 09:14:04,258 [WARN] IntegrityCheckThread:84 - waiting for thirdparty lock release [integrity check]
2024-03-12 09:14:04,259 [INFO] IntegrityCheckThread:86 - entering critical section [integrity check]
2024-03-12 09:14:04,260 [INFO] ThirdPartyUpdaterWithRetryManager:70 - Updater plugin not ready yet. [1/15]
2024-03-12 09:14:04,266 [INFO] PluginManage:359 - Loaded plugin tools (category:base,tabindex:7)
2024-03-12 09:14:04,267 [INFO] PluginManage:310 - Check plugin tutovideos
2024-03-12 09:14:04,708 [INFO] PluginManage:359 - Loaded plugin tutovideos (category:base,tabindex:-1)
2024-03-12 09:14:04,708 [INFO] PluginManage:310 - Check plugin updater
2024-03-12 09:14:04,733 [INFO] PluginManage:359 - Loaded plugin updater (category:base,tabindex:12)
2024-03-12 09:14:04,734 [INFO] PluginManage:310 - Check plugin userauth
2024-03-12 09:14:04,744 [INFO] UserAuth:113 - Init User Auth plugin
2024-03-12 09:14:04,744 [INFO] PluginManage:359 - Loaded plugin userauth (category:base,tabindex:14)
2024-03-12 09:14:04,745 [INFO] PluginManage:283 - PluginManage : Loaded plugins [17]
2024-03-12 09:14:05,210 [INFO] PinOutPanel:1499 - setPackage(No Configuration,No Configuration)
2024-03-12 09:14:05,401 [INFO] CADModel:165 - CPN selected for project level
2024-03-12 09:14:05,402 [INFO] CADModel:114 - Register for checkConnection events
2024-03-12 09:14:05,433 [INFO] IPUIPlugin:80 - create IPUIPlugin
2024-03-12 09:14:05,434 [INFO] PluginManager:220 - loadIPPluginJar : add adc
2024-03-12 09:14:05,437 [INFO] IPUIPlugin:80 - create IPUIPlugin
2024-03-12 09:14:05,438 [INFO] PluginManager:220 - loadIPPluginJar : add aes
2024-03-12 09:14:05,441 [INFO] IPUIPlugin:80 - create IPUIPlugin
2024-03-12 09:14:05,441 [INFO] PluginManager:220 - loadIPPluginJar : add can
2024-03-12 09:14:05,445 [INFO] IPUIPlugin:80 - create IPUIPlugin
2024-03-12 09:14:05,446 [INFO] PluginManager:220 - loadIPPluginJar : add comp
2024-03-12 09:14:05,449 [INFO] IPUIPlugin:80 - create IPUIPlugin
2024-03-12 09:14:05,449 [INFO] PluginManager:220 - loadIPPluginJar : add cryp
2024-03-12 09:14:05,452 [INFO] IPUIPlugin:80 - create IPUIPlugin
2024-03-12 09:14:05,452 [INFO] PluginManager:220 - loadIPPluginJar : add dfsdm
2024-03-12 09:14:05,462 [INFO] IPUIPlugin:80 - create IPUIPlugin
2024-03-12 09:14:05,464 [INFO] PluginManager:220 - loadIPPluginJar : add dma
2024-03-12 09:14:05,469 [INFO] IPUIPlugin:80 - create IPUIPlugin
2024-03-12 09:14:05,469 [INFO] PluginManager:220 - loadIPPluginJar : add dma3
2024-03-12 09:14:05,471 [INFO] IPUIPlugin:80 - create IPUIPlugin
2024-03-12 09:14:05,472 [INFO] PluginManager:220 - loadIPPluginJar : add fatfs
2024-03-12 09:14:05,479 [INFO] IPUIPlugin:80 - create IPUIPlugin
2024-03-12 09:14:05,480 [INFO] PluginManager:220 - loadIPPluginJar : add fmc
2024-03-12 09:14:05,492 [INFO] IPUIPlugin:80 - create IPUIPlugin
2024-03-12 09:14:05,492 [INFO] PluginManager:220 - loadIPPluginJar : add freertos
2024-03-12 09:14:05,497 [INFO] IPUIPlugin:80 - create IPUIPlugin
2024-03-12 09:14:05,497 [INFO] PluginManager:220 - loadIPPluginJar : add genericplugin
2024-03-12 09:14:05,502 [INFO] IPUIPlugin:80 - create IPUIPlugin
2024-03-12 09:14:05,503 [INFO] PluginManager:220 - loadIPPluginJar : add gfxmmu
2024-03-12 09:14:05,512 [INFO] IPUIPlugin:80 - create IPUIPlugin
2024-03-12 09:14:05,514 [INFO] PluginManager:220 - loadIPPluginJar : add gic
2024-03-12 09:14:05,521 [INFO] IPUIPlugin:80 - create IPUIPlugin
2024-03-12 09:14:05,521 [INFO] PluginManager:220 - loadIPPluginJar : add gpio
2024-03-12 09:14:05,525 [INFO] IPUIPlugin:80 - create IPUIPlugin
2024-03-12 09:14:05,525 [INFO] PluginManager:220 - loadIPPluginJar : add gtzc
2024-03-12 09:14:05,533 [INFO] IPUIPlugin:80 - create IPUIPlugin
2024-03-12 09:14:05,533 [INFO] PluginManager:220 - loadIPPluginJar : add hash
2024-03-12 09:14:05,537 [INFO] IPUIPlugin:80 - create IPUIPlugin
2024-03-12 09:14:05,537 [INFO] PluginManager:220 - loadIPPluginJar : add i2c
2024-03-12 09:14:05,540 [INFO] IPUIPlugin:80 - create IPUIPlugin
2024-03-12 09:14:05,541 [INFO] PluginManager:220 - loadIPPluginJar : add i2s
2024-03-12 09:14:05,547 [INFO] IPUIPlugin:80 - create IPUIPlugin
2024-03-12 09:14:05,547 [INFO] PluginManager:220 - loadIPPluginJar : add i3c
2024-03-12 09:14:05,553 [INFO] IPUIPlugin:80 - create IPUIPlugin
2024-03-12 09:14:05,554 [INFO] PluginManager:220 - loadIPPluginJar : add ipddr
2024-03-12 09:14:05,569 [INFO] IPUIPlugin:80 - create IPUIPlugin
2024-03-12 09:14:05,570 [INFO] PluginManager:220 - loadIPPluginJar : add linkedlist
2024-03-12 09:14:05,573 [INFO] IPUIPlugin:80 - create IPUIPlugin
2024-03-12 09:14:05,574 [INFO] PluginManager:220 - loadIPPluginJar : add lorawan
2024-03-12 09:14:05,576 [INFO] IPUIPlugin:80 - create IPUIPlugin
2024-03-12 09:14:05,576 [INFO] PluginManager:220 - loadIPPluginJar : add ltdc
2024-03-12 09:14:05,588 [INFO] IPUIPlugin:80 - create IPUIPlugin
2024-03-12 09:14:05,589 [INFO] PluginManager:220 - loadIPPluginJar : add mdma
2024-03-12 09:14:05,596 [INFO] IPUIPlugin:80 - create IPUIPlugin
2024-03-12 09:14:05,597 [INFO] PluginManager:220 - loadIPPluginJar : add nvic
2024-03-12 09:14:05,603 [INFO] IPUIPlugin:80 - create IPUIPlugin
2024-03-12 09:14:05,604 [INFO] PluginManager:220 - loadIPPluginJar : add opamp
2024-03-12 09:14:05,608 [INFO] IPUIPlugin:80 - create IPUIPlugin
2024-03-12 09:14:05,608 [INFO] PluginManager:220 - loadIPPluginJar : add openamp
2024-03-12 09:14:05,614 [INFO] IPUIPlugin:80 - create IPUIPlugin
2024-03-12 09:14:05,615 [INFO] PluginManager:220 - loadIPPluginJar : add pdm2pcm
2024-03-12 09:14:05,625 [INFO] IPUIPlugin:80 - create IPUIPlugin
2024-03-12 09:14:05,631 [INFO] PluginManager:220 - loadIPPluginJar : add plateformsettings
2024-03-12 09:14:05,635 [INFO] IPUIPlugin:80 - create IPUIPlugin
2024-03-12 09:14:05,635 [INFO] PluginManager:220 - loadIPPluginJar : add quadspi
2024-03-12 09:14:05,642 [INFO] IPUIPlugin:80 - create IPUIPlugin
2024-03-12 09:14:05,643 [INFO] PluginManager:220 - loadIPPluginJar : add resmgrutility
2024-03-12 09:14:05,651 [INFO] IPUIPlugin:80 - create IPUIPlugin
2024-03-12 09:14:05,651 [INFO] PluginManager:220 - loadIPPluginJar : add sai
2024-03-12 09:14:05,655 [INFO] IPUIPlugin:80 - create IPUIPlugin
2024-03-12 09:14:05,656 [INFO] PluginManager:220 - loadIPPluginJar : add spi
2024-03-12 09:14:05,684 [INFO] IPUIPlugin:80 - create IPUIPlugin
2024-03-12 09:14:05,684 [INFO] PluginManager:220 - loadIPPluginJar : add stm32_wpan
2024-03-12 09:14:05,688 [INFO] IPUIPlugin:80 - create IPUIPlugin
2024-03-12 09:14:05,688 [INFO] PluginManager:220 - loadIPPluginJar : add tim
2024-03-12 09:14:05,696 [INFO] IPUIPlugin:80 - create IPUIPlugin
2024-03-12 09:14:05,696 [INFO] PluginManager:220 - loadIPPluginJar : add touchsensing
2024-03-12 09:14:05,702 [INFO] IPUIPlugin:80 - create IPUIPlugin
2024-03-12 09:14:05,702 [INFO] PluginManager:220 - loadIPPluginJar : add tracer_emb
2024-03-12 09:14:05,706 [INFO] IPUIPlugin:80 - create IPUIPlugin
2024-03-12 09:14:05,706 [INFO] PluginManager:220 - loadIPPluginJar : add ts
2024-03-12 09:14:05,710 [INFO] IPUIPlugin:80 - create IPUIPlugin
2024-03-12 09:14:05,712 [INFO] PluginManager:220 - loadIPPluginJar : add tsc
2024-03-12 09:14:05,717 [INFO] IPUIPlugin:80 - create IPUIPlugin
2024-03-12 09:14:05,717 [INFO] PluginManager:220 - loadIPPluginJar : add ucpd
2024-03-12 09:14:05,722 [INFO] IPUIPlugin:80 - create IPUIPlugin
2024-03-12 09:14:05,722 [INFO] PluginManager:220 - loadIPPluginJar : add usart
2024-03-12 09:14:05,729 [INFO] IPUIPlugin:80 - create IPUIPlugin
2024-03-12 09:14:05,730 [INFO] PluginManager:220 - loadIPPluginJar : add usbx
2024-03-12 09:14:05,936 [INFO] CADModel:165 - CPN selected for project level
2024-03-12 09:14:05,937 [INFO] CADModel:114 - Register for checkConnection events
2024-03-12 09:14:05,937 [FATAL] Updater:308 - Updater called before beeing initialized
2024-03-12 09:14:05,937 [ERROR] CADModel:125 - Updater not yet initialized, retry later 
2024-03-12 09:14:06,270 [INFO] CADModel:165 - CPN selected for project level
2024-03-12 09:14:06,271 [INFO] CADModel:114 - Register for checkConnection events
2024-03-12 09:14:06,271 [FATAL] Updater:308 - Updater called before beeing initialized
2024-03-12 09:14:06,271 [ERROR] CADModel:125 - Updater not yet initialized, retry later 
2024-03-12 09:14:06,280 [FATAL] Updater:308 - Updater called before beeing initialized
2024-03-12 09:14:06,504 [FATAL] Updater:308 - Updater called before beeing initialized
2024-03-12 09:14:06,515 [INFO] DbMcusAds:53 - JSON generation date=Wed Nov 29 17:52:27 ICT 2023 (1701255147349)
2024-03-12 09:14:06,516 [FATAL] Updater:308 - Updater called before beeing initialized
2024-03-12 09:14:06,630 [WARN] DetailPanel:346 - Failed to get advertising image, set to default
2024-03-12 09:14:07,263 [INFO] ThirdPartyUpdaterWithRetryManager:70 - Updater plugin not ready yet. [2/15]
2024-03-12 09:14:07,619 [FATAL] Updater:308 - Updater called before beeing initialized
2024-03-12 09:14:07,622 [FATAL] Updater:308 - Updater called before beeing initialized
2024-03-12 09:14:07,622 [FATAL] Updater:308 - Updater called before beeing initialized
2024-03-12 09:14:07,622 [WARN] DetailPanel:346 - Failed to get advertising image, set to default
2024-03-12 09:14:07,623 [FATAL] Updater:308 - Updater called before beeing initialized
2024-03-12 09:14:07,768 [ERROR] Updater:1120 - MainUpdater not yet initialized. External WinMGr cannot be set.
2024-03-12 09:14:07,772 [INFO] Updater:1056 - Updater Version found : 6.9.2
2024-03-12 09:14:07,813 [INFO] ApplicationProperties:184 - Using Application install path: O:\STM32CubeIDE_1.13.2\STM32CubeIDE\plugins\com.st.stm32cube.common.mx_6.9.2.202309101412
2024-03-12 09:14:09,238 [INFO] MainUpdater:2868 - connection check result : 10
2024-03-12 09:14:09,239 [INFO] MainUpdater:285 - Updater Check For Update Now.
2024-03-12 09:14:09,240 [INFO] MicroXplorer:498 - Change Database Version : DB.6.0.92
2024-03-12 09:14:09,250 [INFO] McuFinderGlobals:63 - Set McuFinder mode to 2 (CubeIDE integrated)
2024-03-12 09:14:09,250 [INFO] UserAuth:179 - activating auth plugin
2024-03-12 09:14:09,256 [INFO] UserAuth:393 - Internet connection configuration mode: 1
2024-03-12 09:14:09,294 [INFO] JxBrowserEngine:151 - Initiate JxBrowser Engine with user profile folder
2024-03-12 09:14:09,536 [INFO] CheckServerUpdateThread:120 - End of CheckServer Thread
2024-03-12 09:14:10,992 [WARN] PackLoader:240 - Cannot read IP mode file for STMicroelectronics.X-CUBE-SMBUS.2.1.0
2024-03-12 09:14:11,023 [WARN] PackLoader:240 - Cannot read IP mode file for STMicroelectronics.X-CUBE-TOUCHGFX.4.23.0
2024-03-12 09:14:11,146 [WARN] PackLoader:240 - Cannot read IP mode file for STMicroelectronics.X-CUBE-AZRTOS-F7.1.1.0
2024-03-12 09:14:11,216 [WARN] PackLoader:240 - Cannot read IP mode file for STMicroelectronics.FP-SNS-MOTENV1.4.3.2
2024-03-12 09:14:11,236 [WARN] PackLoader:240 - Cannot read IP mode file for STMicroelectronics.FP-SNS-FLIGHT1.5.0.2
2024-03-12 09:14:11,259 [WARN] PackLoader:240 - Cannot read IP mode file for STMicroelectronics.X-CUBE-DISPLAY.3.0.0
2024-03-12 09:14:11,300 [WARN] PackLoader:240 - Cannot read IP mode file for STMicroelectronics.X-CUBE-BLE1.7.0.0
2024-03-12 09:14:11,313 [WARN] PackLoader:240 - Cannot read IP mode file for emotas.I-CUBE-CANOPEN.1.3.0
2024-03-12 09:14:11,321 [WARN] PackLoader:240 - Cannot read IP mode file for STMicroelectronics.X-CUBE-TOUCHGFX.4.22.1
2024-03-12 09:14:11,354 [WARN] PackLoader:240 - Cannot read IP mode file for STMicroelectronics.X-CUBE-BLEMGR.3.1.0
2024-03-12 09:14:11,372 [WARN] PackLoader:240 - Cannot read IP mode file for STMicroelectronics.FP-SNS-SMARTAG2.1.2.0
2024-03-12 09:14:11,408 [INFO] LogOutputStream:77 - [STDOUT_REDIRECT] 1 : Invalid condition id : UX_CORESTACK_Condition cause : null
2024-03-12 09:14:11,409 [INFO] LogOutputStream:77 - [STDOUT_REDIRECT] 1 : Invalid condition id : UX_CORESTACK_Condition cause : null
2024-03-12 09:14:11,413 [INFO] LogOutputStream:77 - [STDOUT_REDIRECT] 1 : Invalid condition id : UX_CORESTACK_Condition cause : null
2024-03-12 09:14:11,418 [INFO] LogOutputStream:77 - [STDOUT_REDIRECT] 1 : Invalid condition id : UX_CORESTACK_Condition cause : null
2024-03-12 09:14:11,421 [INFO] LogOutputStream:77 - [STDOUT_REDIRECT] 1 : Invalid condition id : UX_CORESTACK_Condition cause : null
2024-03-12 09:14:11,443 [WARN] PackLoader:240 - Cannot read IP mode file for STMicroelectronics.X-CUBE-AZRTOS-WL.2.0.0
2024-03-12 09:14:11,471 [WARN] PackLoader:240 - Cannot read IP mode file for WES.I-CUBE-Cesium.1.3.0
2024-03-12 09:14:11,488 [WARN] PackLoader:240 - Cannot read IP mode file for STMicroelectronics.X-CUBE-BLE2.3.3.0
2024-03-12 09:14:11,535 [WARN] PackLoader:240 - Cannot read IP mode file for STMicroelectronics.X-CUBE-ALGOBUILD.1.3.0
2024-03-12 09:14:11,621 [WARN] PackLoader:240 - Cannot read IP mode file for STMicroelectronics.X-CUBE-AZRTOS-G0.1.1.0
2024-03-12 09:14:11,864 [WARN] PackLoader:240 - Cannot read IP mode file for STMicroelectronics.X-CUBE-NFC4.3.0.0
2024-03-12 09:14:11,888 [WARN] PackLoader:240 - Cannot read IP mode file for STMicroelectronics.X-CUBE-BLEMGR.3.0.0
2024-03-12 09:14:11,904 [WARN] PackLoader:240 - Cannot read IP mode file for STMicroelectronics.FP-ATR-SIGFOX1.3.2.0
2024-03-12 09:14:11,952 [WARN] PackLoader:240 - Cannot read IP mode file for STMicroelectronics.X-CUBE-EEPRMA1.5.1.0
2024-03-12 09:14:12,175 [WARN] PackLoader:240 - Cannot read IP mode file for SEGGER.I-CUBE-embOS.1.3.1
2024-03-12 09:14:12,291 [WARN] PackLoader:240 - Cannot read IP mode file for STMicroelectronics.X-CUBE-GNSS1.6.0.0
2024-03-12 09:14:12,342 [WARN] PackLoader:240 - Cannot read IP mode file for STMicroelectronics.X-CUBE-AZRTOS-F4.1.1.0
2024-03-12 09:14:12,364 [WARN] PackLoader:240 - Cannot read IP mode file for wolfSSL.I-CUBE-wolfSSL.5.6.4
2024-03-12 09:14:12,422 [WARN] PackLoader:240 - Cannot read IP mode file for STMicroelectronics.X-CUBE-AZRTOS-L5.2.0.0
2024-03-12 09:14:12,438 [WARN] PackLoader:240 - Cannot read IP mode file for STMicroelectronics.X-CUBE-EEPRMA1.4.2.0
2024-03-12 09:14:12,453 [WARN] PackLoader:240 - Cannot read IP mode file for ITTIA_DB.I-CUBE-ITTIADB.8.8.0
2024-03-12 09:14:12,517 [WARN] ConditionMgr:438 - getConditionDescription Invalid condition id : UX DEVICE CLASS RTOS Condition cause : null
2024-03-12 09:14:12,517 [WARN] ConditionMgr:438 - getConditionDescription Invalid condition id : UX DEVICE CLASS RTOS Condition cause : null
2024-03-12 09:14:12,522 [WARN] PackLoader:240 - Cannot read IP mode file for STMicroelectronics.X-CUBE-AZRTOS-H7.3.1.0
2024-03-12 09:14:12,524 [WARN] ConditionMgr:1039 - genDependencies : Invalid condition id : UX DEVICE CLASS RTOS Condition cause : null
2024-03-12 09:14:12,525 [WARN] ConditionMgr:1039 - genDependencies : Invalid condition id : UX DEVICE CLASS RTOS Condition cause : null
2024-03-12 09:14:12,526 [WARN] ConditionMgr:1039 - genDependencies : Invalid condition id : UX DEVICE CLASS RTOS Condition cause : null
2024-03-12 09:14:12,526 [WARN] ConditionMgr:1039 - genDependencies : Invalid condition id : UX DEVICE CLASS RTOS Condition cause : null
2024-03-12 09:14:12,526 [WARN] ConditionMgr:1039 - genDependencies : Invalid condition id : UX DEVICE CLASS RTOS Condition cause : null
2024-03-12 09:14:12,540 [WARN] PackLoader:240 - Cannot read IP mode file for STMicroelectronics.X-CUBE-NFC7.1.0.1
2024-03-12 09:14:12,573 [WARN] PackLoader:240 - Cannot read IP mode file for STMicroelectronics.X-CUBE-NFC6.3.0.0
2024-03-12 09:14:12,620 [WARN] PackLoader:240 - Cannot read IP mode file for STMicroelectronics.X-CUBE-AI.8.1.0
2024-03-12 09:14:12,776 [WARN] ConditionMgr:438 - getConditionDescription Invalid condition id : LAN8742 Phy interface Condition cause : null
2024-03-12 09:14:12,778 [WARN] PackLoader:240 - Cannot read IP mode file for STMicroelectronics.X-CUBE-AZRTOS-L4.2.0.0
2024-03-12 09:14:12,780 [WARN] ConditionMgr:1039 - genDependencies : Invalid condition id : LAN8742 Phy interface Condition cause : null
2024-03-12 09:14:12,780 [WARN] ConditionMgr:1039 - genDependencies : Invalid condition id : LAN8742 Phy interface Condition cause : null
2024-03-12 09:14:12,781 [WARN] ConditionMgr:1039 - genDependencies : Invalid condition id : LAN8742 Phy interface Condition cause : null
2024-03-12 09:14:12,801 [WARN] PackLoader:240 - Cannot read IP mode file for STMicroelectronics.X-CUBE-SFXS2LP1.4.0.0
2024-03-12 09:14:12,902 [WARN] PackLoader:240 - Cannot read IP mode file for STMicroelectronics.X-CUBE-ISPU.1.1.0
2024-03-12 09:14:12,938 [WARN] ConditionMgr:438 - getConditionDescription Invalid condition id : UX DEVICE CLASS RTOS Condition cause : null
2024-03-12 09:14:12,938 [WARN] ConditionMgr:438 - getConditionDescription Invalid condition id : UX DEVICE CLASS RTOS Condition cause : null
2024-03-12 09:14:12,942 [WARN] PackLoader:240 - Cannot read IP mode file for STMicroelectronics.X-CUBE-AZRTOS-WB.2.0.0
2024-03-12 09:14:12,943 [WARN] ConditionMgr:1039 - genDependencies : Invalid condition id : UX DEVICE CLASS RTOS Condition cause : null
2024-03-12 09:14:12,943 [WARN] ConditionMgr:1039 - genDependencies : Invalid condition id : UX DEVICE CLASS RTOS Condition cause : null
2024-03-12 09:14:12,945 [WARN] ConditionMgr:1039 - genDependencies : Invalid condition id : UX DEVICE CLASS RTOS Condition cause : null
2024-03-12 09:14:12,945 [WARN] ConditionMgr:1039 - genDependencies : Invalid condition id : UX DEVICE CLASS RTOS Condition cause : null
2024-03-12 09:14:12,945 [WARN] ConditionMgr:1039 - genDependencies : Invalid condition id : UX DEVICE CLASS RTOS Condition cause : null
2024-03-12 09:14:12,991 [WARN] PackLoader:240 - Cannot read IP mode file for STMicroelectronics.X-CUBE-SUBG2.5.0.0
2024-03-12 09:14:13,054 [WARN] PackLoader:240 - Cannot read IP mode file for STMicroelectronics.X-CUBE-TOF1.3.3.1
2024-03-12 09:14:13,224 [WARN] PackLoader:240 - Cannot read IP mode file for STMicroelectronics.X-CUBE-AZRTOS-G4.2.0.0
2024-03-12 09:14:13,510 [WARN] PackLoader:240 - Cannot read IP mode file for Infineon.AIROC-Wi-Fi-Bluetooth-STM32.1.5.1
2024-03-12 09:14:13,543 [WARN] PackLoader:240 - Cannot read IP mode file for STMicroelectronics.FP-SNS-MOTENVWB1.1.3.0
2024-03-12 09:14:13,567 [WARN] PackLoader:240 - Cannot read IP mode file for STMicroelectronics.FP-SNS-MOTENVWB1.1.3.1
2024-03-12 09:14:13,669 [WARN] PackLoader:240 - Cannot read IP mode file for STMicroelectronics.X-CUBE-ISPU.2.0.0
2024-03-12 09:14:13,819 [WARN] PackLoader:240 - Cannot read IP mode file for STMicroelectronics.X-CUBE-MEMS1.10.0.0
2024-03-12 09:14:14,088 [WARN] PackLoader:240 - Cannot read IP mode file for STMicroelectronics.X-CUBE-FREERTOS.1.1.0
2024-03-12 09:14:14,099 [WARN] PackLoader:240 - Cannot read IP mode file for portGmbH.I-Cube-SoM-uGOAL.1.1.0
2024-03-12 09:14:14,107 [WARN] PackLoader:240 - Cannot read IP mode file for STMicroelectronics.X-CUBE-ALS.1.0.1
2024-03-12 09:14:14,114 [WARN] PackLoader:240 - Cannot read IP mode file for STMicroelectronics.FP-ATR-ASTRA1.2.0.0
2024-03-12 09:14:14,134 [WARN] PackLoader:240 - Cannot read IP mode file for STMicroelectronics.X-CUBE-TOF1.3.4.0
2024-03-12 09:14:14,182 [WARN] PackLoader:240 - Cannot read IP mode file for STMicroelectronics.X-CUBE-TOF1.3.4.1
2024-03-12 09:14:14,247 [WARN] PackLoader:240 - Cannot read IP mode file for STMicroelectronics.X-CUBE-AZRTOS-H7.3.2.0
2024-03-12 09:14:14,252 [INFO] ThirdParty:978 - Integrity check success = true
2024-03-12 09:14:14,252 [INFO] IntegrityCheckThread:100 - exiting critical section [integrity check]
2024-03-12 09:14:14,252 [INFO] IntegrityCheckThread:103 - End integrity checks thread
2024-03-12 09:14:14,443 [INFO] WebApp:157 - Instantiating new browser for Auth
2024-03-12 09:14:15,788 [INFO] WebApp:753 - Register for checkConnection events
2024-03-12 09:14:15,788 [INFO] WebApp:390 - Apply proxy settings
2024-03-12 09:14:15,788 [INFO] WebApp:475 - Chromium requires no authentication
2024-03-12 09:14:15,802 [INFO] WebApp:418 - Direct internet connection detected
2024-03-12 09:14:16,152 [INFO] WebApp:188 - Starting web application
2024-03-12 09:14:16,153 [INFO] WebApp:520 - Web application path used O:\STM32CubeIDE_1.13.2\STM32CubeIDE\plugins\com.st.stm32cube.common.mx_6.9.2.202309101412\db\plugins\mcufinder\reactClient1\index.html
2024-03-12 09:14:37,447 [ERROR] LogOutputStream:75 - [STDERR_REDIRECT] SLF4J: Failed to load class "org.slf4j.impl.StaticLoggerBinder".
2024-03-12 09:14:37,450 [ERROR] LogOutputStream:75 - [STDERR_REDIRECT] SLF4J: Defaulting to no-operation (NOP) logger implementation
2024-03-12 09:14:37,451 [ERROR] LogOutputStream:75 - [STDERR_REDIRECT] SLF4J: See http://www.slf4j.org/codes.html#StaticLoggerBinder for further details.
2024-03-12 09:57:34,127 [ERROR] LogOutputStream:75 - [STDERR_REDIRECT] 
2024-03-12 09:58:04,047 [INFO] Activator:176 - 


2024-03-12 09:58:04,051 [INFO] Activator:177 - !SESSION log4j initialized
2024-03-12 09:58:13,246 [INFO] LogOutputStream:77 - [STDOUT_REDIRECT] 
2024-03-12 09:58:14,258 [INFO] ApplicationProperties:184 - Using Application install path: O:\STM32CubeIDE_1.13.2\STM32CubeIDE\plugins\com.st.stm32cube.common.mx_6.9.2.202309101412
2024-03-12 09:58:14,293 [INFO] DbMcusXml:78 - Set database path to: O:\STM32CubeIDE_1.13.2\STM32CubeIDE\plugins\com.st.stm32cube.common.mx_6.9.2.202309101412\\db\/mcu/
2024-03-12 09:58:14,294 [INFO] ApiDb:274 - Set plugin database path to: O:\STM32CubeIDE_1.13.2\STM32CubeIDE\plugins\com.st.stm32cube.common.mx_6.9.2.202309101412\\db\/plugins/boardmanager/
2024-03-12 09:58:14,295 [WARN] ApiDb:259 - Overriding images path with different value:  => O:\STM32CubeIDE_1.13.2\STM32CubeIDE\plugins\com.st.stm32cube.common.mx_6.9.2.202309101412\\db\/plugins/mcufinder/images/
2024-03-12 09:58:14,315 [INFO] ApiDb:250 - Set database path to: C:\Users\ledin\.stmcufinder\plugins\mcufinder//mcu/
2024-03-12 09:58:14,317 [INFO] DbMcusAds:125 - Set database path to: C:\Users\ledin\.stmcufinder\plugins\mcufinder//mcu/
2024-03-12 09:58:14,321 [INFO] CrossReferenceDbSqlite:203 - Set database path to: C:\Users\ledin\.stmcufinder\plugins\mcufinder//mcu/cs/
2024-03-12 09:58:14,508 [INFO] RulesReader:64 - Compatibility file has been processed (293 Rules)
2024-03-12 09:58:14,661 [INFO] DbMcusXml:78 - Set database path to: O:\STM32CubeIDE_1.13.2\STM32CubeIDE\plugins\com.st.stm32cube.common.mx_6.9.2.202309101412\\db\/mcu/
2024-03-12 09:58:14,662 [INFO] ApiDb:274 - Set plugin database path to: O:\STM32CubeIDE_1.13.2\STM32CubeIDE\plugins\com.st.stm32cube.common.mx_6.9.2.202309101412\\db\/plugins/boardmanager/
2024-03-12 09:58:14,662 [INFO] ApiDb:261 - Set plugin images path to: O:\STM32CubeIDE_1.13.2\STM32CubeIDE\plugins\com.st.stm32cube.common.mx_6.9.2.202309101412\\db\/plugins/mcufinder/images/
2024-03-12 09:58:14,663 [WARN] DbFile:41 - Overriding database path with different value: C:\Users\ledin\.stmcufinder\plugins\mcufinder/ => C:\Users\ledin\.stmcufinder\plugins\mcufinder
2024-03-12 09:58:14,663 [INFO] ApiDb:250 - Set database path to: C:\Users\ledin\.stmcufinder\plugins\mcufinder//mcu/
2024-03-12 09:58:14,663 [WARN] DbFile:41 - Overriding database path with different value: C:\Users\ledin\.stmcufinder\plugins\mcufinder/ => C:\Users\ledin\.stmcufinder\plugins\mcufinder
2024-03-12 09:58:14,663 [INFO] DbMcusAds:125 - Set database path to: C:\Users\ledin\.stmcufinder\plugins\mcufinder//mcu/
2024-03-12 09:58:14,663 [WARN] DbFile:41 - Overriding database path with different value: C:\Users\ledin\.stmcufinder\plugins\mcufinder/ => C:\Users\ledin\.stmcufinder\plugins\mcufinder
2024-03-12 09:58:14,663 [WARN] DbFile:41 - Overriding database path with different value: C:\Users\ledin\.stmcufinder\plugins\mcufinder/ => C:\Users\ledin\.stmcufinder\plugins\mcufinder
2024-03-12 09:58:14,663 [INFO] CrossReferenceDbSqlite:203 - Set database path to: C:\Users\ledin\.stmcufinder\plugins\mcufinder//mcu/cs/
2024-03-12 09:58:14,803 [INFO] MainPanel:262 - HeapMemory: 268435456
2024-03-12 09:58:14,945 [INFO] DbMcusXml:78 - Set database path to: O:\STM32CubeIDE_1.13.2\STM32CubeIDE\plugins\com.st.stm32cube.common.mx_6.9.2.202309101412\\db\/mcu/
2024-03-12 09:58:14,945 [INFO] ApiDb:274 - Set plugin database path to: O:\STM32CubeIDE_1.13.2\STM32CubeIDE\plugins\com.st.stm32cube.common.mx_6.9.2.202309101412\\db\/plugins/boardmanager/
2024-03-12 09:58:14,945 [INFO] ApiDb:261 - Set plugin images path to: O:\STM32CubeIDE_1.13.2\STM32CubeIDE\plugins\com.st.stm32cube.common.mx_6.9.2.202309101412\\db\/plugins/mcufinder/images/
2024-03-12 09:58:14,946 [WARN] DbFile:41 - Overriding database path with different value: C:\Users\ledin\.stmcufinder\plugins\mcufinder/ => C:\Users\ledin\.stmcufinder\plugins\mcufinder
2024-03-12 09:58:14,946 [INFO] ApiDb:250 - Set database path to: C:\Users\ledin\.stmcufinder\plugins\mcufinder//mcu/
2024-03-12 09:58:14,946 [WARN] DbFile:41 - Overriding database path with different value: C:\Users\ledin\.stmcufinder\plugins\mcufinder/ => C:\Users\ledin\.stmcufinder\plugins\mcufinder
2024-03-12 09:58:14,946 [INFO] DbMcusAds:125 - Set database path to: C:\Users\ledin\.stmcufinder\plugins\mcufinder//mcu/
2024-03-12 09:58:14,946 [WARN] DbFile:41 - Overriding database path with different value: C:\Users\ledin\.stmcufinder\plugins\mcufinder/ => C:\Users\ledin\.stmcufinder\plugins\mcufinder
2024-03-12 09:58:14,946 [WARN] DbFile:41 - Overriding database path with different value: C:\Users\ledin\.stmcufinder\plugins\mcufinder/ => C:\Users\ledin\.stmcufinder\plugins\mcufinder
2024-03-12 09:58:14,947 [INFO] CrossReferenceDbSqlite:203 - Set database path to: C:\Users\ledin\.stmcufinder\plugins\mcufinder//mcu/cs/
2024-03-12 09:58:14,971 [INFO] ApplicationProperties:184 - Using Application install path: O:\STM32CubeIDE_1.13.2\STM32CubeIDE\plugins\com.st.stm32cube.common.mx_6.9.2.202309101412
2024-03-12 09:58:14,974 [INFO] PluginManage:196 - Search for loadable plugins [exclusion list=, ]
2024-03-12 09:58:14,976 [INFO] PluginManage:310 - Check plugin analytics
2024-03-12 09:58:15,181 [INFO] AnalyticsPlugin:253 - Accepted Software Licenses: STM32CubeMX.6.8.1,STM32CubeMX.6.9.2
2024-03-12 09:58:15,181 [INFO] AnalyticsPlugin:255 - Accepted CMSIS Pack Licenses: 
2024-03-12 09:58:15,181 [INFO] AnalyticsPlugin:257 - Accepted Firmware Licenses: FW.F4.1.27.0
2024-03-12 09:58:15,185 [INFO] PluginManage:359 - Loaded plugin analytics (category:tool,tabindex:-1)
2024-03-12 09:58:15,186 [INFO] PluginManage:310 - Check plugin cadmodel
2024-03-12 09:58:15,196 [INFO] CADModel:105 - Init CAD model plugin
2024-03-12 09:58:15,196 [INFO] PluginManage:359 - Loaded plugin cadmodel (category:power,tabindex:5)
2024-03-12 09:58:15,196 [INFO] PluginManage:310 - Check plugin clock
2024-03-12 09:58:15,213 [INFO] PluginManage:359 - Loaded plugin clock (category:base,tabindex:2)
2024-03-12 09:58:15,213 [INFO] PluginManage:310 - Check plugin ddr
2024-03-12 09:58:15,216 [INFO] PluginManage:359 - Loaded plugin ddr (category:tool,tabindex:6)
2024-03-12 09:58:15,216 [INFO] PluginManage:310 - Check plugin filemanager
2024-03-12 09:58:15,418 [INFO] PluginManage:359 - Loaded plugin filemanager (category:base,tabindex:10)
2024-03-12 09:58:15,418 [INFO] PluginManage:310 - Check plugin ipmanager
2024-03-12 09:58:15,430 [INFO] PluginManage:359 - Loaded plugin ipmanager (category:base,tabindex:5)
2024-03-12 09:58:15,430 [INFO] PluginManage:310 - Check plugin lpbam
2024-03-12 09:58:15,446 [INFO] PluginManage:359 - Loaded plugin lpbam (category:base,tabindex:0)
2024-03-12 09:58:15,446 [INFO] PluginManage:310 - Check plugin memorymap
2024-03-12 09:58:15,470 [INFO] PluginManage:359 - Loaded plugin memorymap (category:base,tabindex:4)
2024-03-12 09:58:15,470 [INFO] PluginManage:310 - Check plugin pinoutandconfiguration
2024-03-12 09:58:15,485 [INFO] PluginManage:359 - Loaded plugin pinoutandconfiguration (category:base,tabindex:1)
2024-03-12 09:58:15,485 [INFO] PluginManage:310 - Check plugin pinoutconfig
2024-03-12 09:58:15,636 [WARN] SupportedApi:132 - Cannot load RTOS API schema: s4s-elt-must-match.1: The content of 'definitions' must match (annotation?, (simpleType | complexType)?, (unique | key | keyref)*)). A problem was found starting at: attribute.
2024-03-12 09:58:15,846 [INFO] PluginManage:359 - Loaded plugin pinoutconfig (category:base,tabindex:0)
2024-03-12 09:58:15,846 [INFO] PluginManage:310 - Check plugin power
2024-03-12 09:58:15,874 [INFO] PluginManage:359 - Loaded plugin power (category:power,tabindex:4)
2024-03-12 09:58:15,874 [INFO] PluginManage:310 - Check plugin projectmanager
2024-03-12 09:58:15,893 [INFO] PluginManage:359 - Loaded plugin projectmanager (category:projectmanager,tabindex:3)
2024-03-12 09:58:15,894 [INFO] PluginManage:310 - Check plugin thirdparty
2024-03-12 09:58:16,096 [INFO] PluginManage:359 - Loaded plugin thirdparty (category:base,tabindex:-1)
2024-03-12 09:58:16,096 [INFO] PluginManage:310 - Check plugin tools
2024-03-12 09:58:16,096 [WARN] IntegrityCheckThread:84 - waiting for thirdparty lock release [integrity check]
2024-03-12 09:58:16,097 [INFO] IntegrityCheckThread:86 - entering critical section [integrity check]
2024-03-12 09:58:16,098 [INFO] ThirdPartyUpdaterWithRetryManager:70 - Updater plugin not ready yet. [1/15]
2024-03-12 09:58:16,100 [INFO] PluginManage:359 - Loaded plugin tools (category:base,tabindex:7)
2024-03-12 09:58:16,100 [INFO] PluginManage:310 - Check plugin tutovideos
2024-03-12 09:58:16,326 [INFO] PluginManage:359 - Loaded plugin tutovideos (category:base,tabindex:-1)
2024-03-12 09:58:16,326 [INFO] PluginManage:310 - Check plugin updater
2024-03-12 09:58:16,340 [INFO] PluginManage:359 - Loaded plugin updater (category:base,tabindex:12)
2024-03-12 09:58:16,340 [INFO] PluginManage:310 - Check plugin userauth
2024-03-12 09:58:16,349 [INFO] UserAuth:113 - Init User Auth plugin
2024-03-12 09:58:16,349 [INFO] PluginManage:359 - Loaded plugin userauth (category:base,tabindex:14)
2024-03-12 09:58:16,350 [INFO] PluginManage:283 - PluginManage : Loaded plugins [17]
2024-03-12 09:58:16,648 [INFO] PinOutPanel:1499 - setPackage(No Configuration,No Configuration)
2024-03-12 09:58:16,777 [INFO] CADModel:165 - CPN selected for project level
2024-03-12 09:58:16,778 [INFO] CADModel:114 - Register for checkConnection events
2024-03-12 09:58:16,803 [INFO] IPUIPlugin:80 - create IPUIPlugin
2024-03-12 09:58:16,803 [INFO] PluginManager:220 - loadIPPluginJar : add adc
2024-03-12 09:58:16,807 [INFO] IPUIPlugin:80 - create IPUIPlugin
2024-03-12 09:58:16,807 [INFO] PluginManager:220 - loadIPPluginJar : add aes
2024-03-12 09:58:16,810 [INFO] IPUIPlugin:80 - create IPUIPlugin
2024-03-12 09:58:16,810 [INFO] PluginManager:220 - loadIPPluginJar : add can
2024-03-12 09:58:16,813 [INFO] IPUIPlugin:80 - create IPUIPlugin
2024-03-12 09:58:16,813 [INFO] PluginManager:220 - loadIPPluginJar : add comp
2024-03-12 09:58:16,816 [INFO] IPUIPlugin:80 - create IPUIPlugin
2024-03-12 09:58:16,816 [INFO] PluginManager:220 - loadIPPluginJar : add cryp
2024-03-12 09:58:16,820 [INFO] IPUIPlugin:80 - create IPUIPlugin
2024-03-12 09:58:16,820 [INFO] PluginManager:220 - loadIPPluginJar : add dfsdm
2024-03-12 09:58:16,831 [INFO] IPUIPlugin:80 - create IPUIPlugin
2024-03-12 09:58:16,832 [INFO] PluginManager:220 - loadIPPluginJar : add dma
2024-03-12 09:58:16,836 [INFO] IPUIPlugin:80 - create IPUIPlugin
2024-03-12 09:58:16,836 [INFO] PluginManager:220 - loadIPPluginJar : add dma3
2024-03-12 09:58:16,838 [INFO] IPUIPlugin:80 - create IPUIPlugin
2024-03-12 09:58:16,838 [INFO] PluginManager:220 - loadIPPluginJar : add fatfs
2024-03-12 09:58:16,844 [INFO] IPUIPlugin:80 - create IPUIPlugin
2024-03-12 09:58:16,844 [INFO] PluginManager:220 - loadIPPluginJar : add fmc
2024-03-12 09:58:16,853 [INFO] IPUIPlugin:80 - create IPUIPlugin
2024-03-12 09:58:16,854 [INFO] PluginManager:220 - loadIPPluginJar : add freertos
2024-03-12 09:58:16,856 [INFO] IPUIPlugin:80 - create IPUIPlugin
2024-03-12 09:58:16,856 [INFO] PluginManager:220 - loadIPPluginJar : add genericplugin
2024-03-12 09:58:16,859 [INFO] IPUIPlugin:80 - create IPUIPlugin
2024-03-12 09:58:16,859 [INFO] PluginManager:220 - loadIPPluginJar : add gfxmmu
2024-03-12 09:58:16,868 [INFO] IPUIPlugin:80 - create IPUIPlugin
2024-03-12 09:58:16,869 [INFO] PluginManager:220 - loadIPPluginJar : add gic
2024-03-12 09:58:16,875 [INFO] IPUIPlugin:80 - create IPUIPlugin
2024-03-12 09:58:16,876 [INFO] PluginManager:220 - loadIPPluginJar : add gpio
2024-03-12 09:58:16,879 [INFO] IPUIPlugin:80 - create IPUIPlugin
2024-03-12 09:58:16,879 [INFO] PluginManager:220 - loadIPPluginJar : add gtzc
2024-03-12 09:58:16,882 [INFO] IPUIPlugin:80 - create IPUIPlugin
2024-03-12 09:58:16,882 [INFO] PluginManager:220 - loadIPPluginJar : add hash
2024-03-12 09:58:16,886 [INFO] IPUIPlugin:80 - create IPUIPlugin
2024-03-12 09:58:16,886 [INFO] PluginManager:220 - loadIPPluginJar : add i2c
2024-03-12 09:58:16,889 [INFO] IPUIPlugin:80 - create IPUIPlugin
2024-03-12 09:58:16,890 [INFO] PluginManager:220 - loadIPPluginJar : add i2s
2024-03-12 09:58:16,895 [INFO] IPUIPlugin:80 - create IPUIPlugin
2024-03-12 09:58:16,896 [INFO] PluginManager:220 - loadIPPluginJar : add i3c
2024-03-12 09:58:16,901 [INFO] IPUIPlugin:80 - create IPUIPlugin
2024-03-12 09:58:16,902 [INFO] PluginManager:220 - loadIPPluginJar : add ipddr
2024-03-12 09:58:16,913 [INFO] IPUIPlugin:80 - create IPUIPlugin
2024-03-12 09:58:16,914 [INFO] PluginManager:220 - loadIPPluginJar : add linkedlist
2024-03-12 09:58:16,918 [INFO] IPUIPlugin:80 - create IPUIPlugin
2024-03-12 09:58:16,918 [INFO] PluginManager:220 - loadIPPluginJar : add lorawan
2024-03-12 09:58:16,920 [INFO] IPUIPlugin:80 - create IPUIPlugin
2024-03-12 09:58:16,920 [INFO] PluginManager:220 - loadIPPluginJar : add ltdc
2024-03-12 09:58:16,931 [INFO] IPUIPlugin:80 - create IPUIPlugin
2024-03-12 09:58:16,931 [INFO] PluginManager:220 - loadIPPluginJar : add mdma
2024-03-12 09:58:16,937 [INFO] IPUIPlugin:80 - create IPUIPlugin
2024-03-12 09:58:16,937 [INFO] PluginManager:220 - loadIPPluginJar : add nvic
2024-03-12 09:58:16,941 [INFO] IPUIPlugin:80 - create IPUIPlugin
2024-03-12 09:58:16,941 [INFO] PluginManager:220 - loadIPPluginJar : add opamp
2024-03-12 09:58:16,946 [INFO] IPUIPlugin:80 - create IPUIPlugin
2024-03-12 09:58:16,946 [INFO] PluginManager:220 - loadIPPluginJar : add openamp
2024-03-12 09:58:16,950 [INFO] IPUIPlugin:80 - create IPUIPlugin
2024-03-12 09:58:16,951 [INFO] PluginManager:220 - loadIPPluginJar : add pdm2pcm
2024-03-12 09:58:16,961 [INFO] IPUIPlugin:80 - create IPUIPlugin
2024-03-12 09:58:16,966 [INFO] PluginManager:220 - loadIPPluginJar : add plateformsettings
2024-03-12 09:58:16,968 [INFO] IPUIPlugin:80 - create IPUIPlugin
2024-03-12 09:58:16,968 [INFO] PluginManager:220 - loadIPPluginJar : add quadspi
2024-03-12 09:58:16,974 [INFO] IPUIPlugin:80 - create IPUIPlugin
2024-03-12 09:58:16,974 [INFO] PluginManager:220 - loadIPPluginJar : add resmgrutility
2024-03-12 09:58:16,977 [INFO] IPUIPlugin:80 - create IPUIPlugin
2024-03-12 09:58:16,978 [INFO] PluginManager:220 - loadIPPluginJar : add sai
2024-03-12 09:58:16,982 [INFO] IPUIPlugin:80 - create IPUIPlugin
2024-03-12 09:58:16,982 [INFO] PluginManager:220 - loadIPPluginJar : add spi
2024-03-12 09:58:16,988 [INFO] IPUIPlugin:80 - create IPUIPlugin
2024-03-12 09:58:16,988 [INFO] PluginManager:220 - loadIPPluginJar : add stm32_wpan
2024-03-12 09:58:16,991 [INFO] IPUIPlugin:80 - create IPUIPlugin
2024-03-12 09:58:16,991 [INFO] PluginManager:220 - loadIPPluginJar : add tim
2024-03-12 09:58:16,996 [INFO] IPUIPlugin:80 - create IPUIPlugin
2024-03-12 09:58:16,996 [INFO] PluginManager:220 - loadIPPluginJar : add touchsensing
2024-03-12 09:58:16,999 [INFO] IPUIPlugin:80 - create IPUIPlugin
2024-03-12 09:58:16,999 [INFO] PluginManager:220 - loadIPPluginJar : add tracer_emb
2024-03-12 09:58:17,002 [INFO] IPUIPlugin:80 - create IPUIPlugin
2024-03-12 09:58:17,003 [INFO] PluginManager:220 - loadIPPluginJar : add ts
2024-03-12 09:58:17,004 [INFO] IPUIPlugin:80 - create IPUIPlugin
2024-03-12 09:58:17,004 [INFO] PluginManager:220 - loadIPPluginJar : add tsc
2024-03-12 09:58:17,007 [INFO] IPUIPlugin:80 - create IPUIPlugin
2024-03-12 09:58:17,007 [INFO] PluginManager:220 - loadIPPluginJar : add ucpd
2024-03-12 09:58:17,011 [INFO] IPUIPlugin:80 - create IPUIPlugin
2024-03-12 09:58:17,011 [INFO] PluginManager:220 - loadIPPluginJar : add usart
2024-03-12 09:58:17,014 [INFO] IPUIPlugin:80 - create IPUIPlugin
2024-03-12 09:58:17,014 [INFO] PluginManager:220 - loadIPPluginJar : add usbx
2024-03-12 09:58:17,156 [INFO] CADModel:165 - CPN selected for project level
2024-03-12 09:58:17,156 [INFO] CADModel:114 - Register for checkConnection events
2024-03-12 09:58:17,157 [FATAL] Updater:308 - Updater called before beeing initialized
2024-03-12 09:58:17,157 [ERROR] CADModel:125 - Updater not yet initialized, retry later 
2024-03-12 09:58:17,423 [INFO] CADModel:165 - CPN selected for project level
2024-03-12 09:58:17,423 [INFO] CADModel:114 - Register for checkConnection events
2024-03-12 09:58:17,423 [FATAL] Updater:308 - Updater called before beeing initialized
2024-03-12 09:58:17,424 [ERROR] CADModel:125 - Updater not yet initialized, retry later 
2024-03-12 09:58:17,433 [FATAL] Updater:308 - Updater called before beeing initialized
2024-03-12 09:58:17,597 [FATAL] Updater:308 - Updater called before beeing initialized
2024-03-12 09:58:17,607 [INFO] DbMcusAds:53 - JSON generation date=Wed Nov 29 17:52:27 ICT 2023 (1701255147349)
2024-03-12 09:58:17,607 [FATAL] Updater:308 - Updater called before beeing initialized
2024-03-12 09:58:17,700 [WARN] DetailPanel:346 - Failed to get advertising image, set to default
2024-03-12 09:58:17,878 [FATAL] Updater:308 - Updater called before beeing initialized
2024-03-12 09:58:17,881 [FATAL] Updater:308 - Updater called before beeing initialized
2024-03-12 09:58:17,882 [FATAL] Updater:308 - Updater called before beeing initialized
2024-03-12 09:58:17,882 [WARN] DetailPanel:346 - Failed to get advertising image, set to default
2024-03-12 09:58:17,883 [FATAL] Updater:308 - Updater called before beeing initialized
2024-03-12 09:58:17,948 [ERROR] Updater:1120 - MainUpdater not yet initialized. External WinMGr cannot be set.
2024-03-12 09:58:17,951 [INFO] Updater:1056 - Updater Version found : 6.9.2
2024-03-12 09:58:17,982 [INFO] ApplicationProperties:184 - Using Application install path: O:\STM32CubeIDE_1.13.2\STM32CubeIDE\plugins\com.st.stm32cube.common.mx_6.9.2.202309101412
2024-03-12 09:58:19,069 [INFO] MainUpdater:2868 - connection check result : 10
2024-03-12 09:58:19,070 [INFO] MainUpdater:285 - Updater Check For Update Now.
2024-03-12 09:58:19,070 [INFO] MicroXplorer:498 - Change Database Version : DB.6.0.92
2024-03-12 09:58:19,078 [INFO] McuFinderGlobals:63 - Set McuFinder mode to 2 (CubeIDE integrated)
2024-03-12 09:58:19,078 [INFO] UserAuth:179 - activating auth plugin
2024-03-12 09:58:19,081 [INFO] UserAuth:393 - Internet connection configuration mode: 1
2024-03-12 09:58:19,100 [WARN] MainUpdater:1189 - Updater busy. Cannot search thirdparties
2024-03-12 09:58:19,100 [INFO] ThirdPartyUpdaterWithRetryManager:96 - Updater plugin is busy. [1/15]
2024-03-12 09:58:19,112 [INFO] JxBrowserEngine:151 - Initiate JxBrowser Engine with user profile folder
2024-03-12 09:58:19,311 [INFO] CheckServerUpdateThread:120 - End of CheckServer Thread
2024-03-12 09:58:20,254 [INFO] WebApp:157 - Instantiating new browser for Auth
2024-03-12 09:58:21,107 [INFO] WebApp:753 - Register for checkConnection events
2024-03-12 09:58:21,108 [INFO] WebApp:390 - Apply proxy settings
2024-03-12 09:58:21,108 [INFO] WebApp:475 - Chromium requires no authentication
2024-03-12 09:58:21,119 [INFO] WebApp:418 - Direct internet connection detected
2024-03-12 09:58:21,354 [INFO] WebApp:188 - Starting web application
2024-03-12 09:58:21,354 [INFO] WebApp:520 - Web application path used O:\STM32CubeIDE_1.13.2\STM32CubeIDE\plugins\com.st.stm32cube.common.mx_6.9.2.202309101412\db\plugins\mcufinder\reactClient1\index.html
2024-03-12 09:58:22,325 [WARN] PackLoader:240 - Cannot read IP mode file for STMicroelectronics.X-CUBE-SMBUS.2.1.0
2024-03-12 09:58:22,337 [WARN] PackLoader:240 - Cannot read IP mode file for STMicroelectronics.X-CUBE-TOUCHGFX.4.23.0
2024-03-12 09:58:22,408 [WARN] PackLoader:240 - Cannot read IP mode file for STMicroelectronics.X-CUBE-AZRTOS-F7.1.1.0
2024-03-12 09:58:22,434 [WARN] PackLoader:240 - Cannot read IP mode file for STMicroelectronics.FP-SNS-MOTENV1.4.3.2
2024-03-12 09:58:22,447 [WARN] PackLoader:240 - Cannot read IP mode file for STMicroelectronics.FP-SNS-FLIGHT1.5.0.2
2024-03-12 09:58:22,466 [WARN] PackLoader:240 - Cannot read IP mode file for STMicroelectronics.X-CUBE-DISPLAY.3.0.0
2024-03-12 09:58:22,488 [WARN] PackLoader:240 - Cannot read IP mode file for STMicroelectronics.X-CUBE-BLE1.7.0.0
2024-03-12 09:58:22,501 [WARN] PackLoader:240 - Cannot read IP mode file for emotas.I-CUBE-CANOPEN.1.3.0
2024-03-12 09:58:22,506 [WARN] PackLoader:240 - Cannot read IP mode file for STMicroelectronics.X-CUBE-TOUCHGFX.4.22.1
2024-03-12 09:58:22,524 [WARN] PackLoader:240 - Cannot read IP mode file for STMicroelectronics.X-CUBE-BLEMGR.3.1.0
2024-03-12 09:58:22,538 [WARN] PackLoader:240 - Cannot read IP mode file for STMicroelectronics.FP-SNS-SMARTAG2.1.2.0
2024-03-12 09:58:22,561 [INFO] LogOutputStream:77 - [STDOUT_REDIRECT] 1 : Invalid condition id : UX_CORESTACK_Condition cause : null
2024-03-12 09:58:22,562 [INFO] LogOutputStream:77 - [STDOUT_REDIRECT] 1 : Invalid condition id : UX_CORESTACK_Condition cause : null
2024-03-12 09:58:22,563 [INFO] LogOutputStream:77 - [STDOUT_REDIRECT] 1 : Invalid condition id : UX_CORESTACK_Condition cause : null
2024-03-12 09:58:22,565 [INFO] LogOutputStream:77 - [STDOUT_REDIRECT] 1 : Invalid condition id : UX_CORESTACK_Condition cause : null
2024-03-12 09:58:22,566 [INFO] LogOutputStream:77 - [STDOUT_REDIRECT] 1 : Invalid condition id : UX_CORESTACK_Condition cause : null
2024-03-12 09:58:22,575 [WARN] PackLoader:240 - Cannot read IP mode file for STMicroelectronics.X-CUBE-AZRTOS-WL.2.0.0
2024-03-12 09:58:22,590 [WARN] PackLoader:240 - Cannot read IP mode file for WES.I-CUBE-Cesium.1.3.0
2024-03-12 09:58:22,599 [WARN] PackLoader:240 - Cannot read IP mode file for STMicroelectronics.X-CUBE-BLE2.3.3.0
2024-03-12 09:58:22,612 [WARN] PackLoader:240 - Cannot read IP mode file for STMicroelectronics.X-CUBE-ALGOBUILD.1.3.0
2024-03-12 09:58:22,642 [WARN] PackLoader:240 - Cannot read IP mode file for STMicroelectronics.X-CUBE-AZRTOS-G0.1.1.0
2024-03-12 09:58:22,656 [WARN] PackLoader:240 - Cannot read IP mode file for STMicroelectronics.X-CUBE-NFC4.3.0.0
2024-03-12 09:58:22,673 [WARN] PackLoader:240 - Cannot read IP mode file for STMicroelectronics.X-CUBE-BLEMGR.3.0.0
2024-03-12 09:58:22,687 [WARN] PackLoader:240 - Cannot read IP mode file for STMicroelectronics.FP-ATR-SIGFOX1.3.2.0
2024-03-12 09:58:22,700 [WARN] PackLoader:240 - Cannot read IP mode file for STMicroelectronics.X-CUBE-EEPRMA1.5.1.0
2024-03-12 09:58:22,769 [WARN] PackLoader:240 - Cannot read IP mode file for SEGGER.I-CUBE-embOS.1.3.1
2024-03-12 09:58:22,930 [WARN] PackLoader:240 - Cannot read IP mode file for STMicroelectronics.X-CUBE-GNSS1.6.0.0
2024-03-12 09:58:23,152 [WARN] PackLoader:240 - Cannot read IP mode file for STMicroelectronics.X-CUBE-AZRTOS-F4.1.1.0
2024-03-12 09:58:23,185 [WARN] PackLoader:240 - Cannot read IP mode file for wolfSSL.I-CUBE-wolfSSL.5.6.4
2024-03-12 09:58:23,219 [WARN] PackLoader:240 - Cannot read IP mode file for STMicroelectronics.X-CUBE-AZRTOS-L5.2.0.0
2024-03-12 09:58:23,281 [WARN] PackLoader:240 - Cannot read IP mode file for STMicroelectronics.X-CUBE-EEPRMA1.4.2.0
2024-03-12 09:58:23,306 [WARN] PackLoader:240 - Cannot read IP mode file for ITTIA_DB.I-CUBE-ITTIADB.8.8.0
2024-03-12 09:58:23,346 [WARN] ConditionMgr:438 - getConditionDescription Invalid condition id : UX DEVICE CLASS RTOS Condition cause : null
2024-03-12 09:58:23,347 [WARN] ConditionMgr:438 - getConditionDescription Invalid condition id : UX DEVICE CLASS RTOS Condition cause : null
2024-03-12 09:58:23,352 [WARN] PackLoader:240 - Cannot read IP mode file for STMicroelectronics.X-CUBE-AZRTOS-H7.3.1.0
2024-03-12 09:58:23,354 [WARN] ConditionMgr:1039 - genDependencies : Invalid condition id : UX DEVICE CLASS RTOS Condition cause : null
2024-03-12 09:58:23,354 [WARN] ConditionMgr:1039 - genDependencies : Invalid condition id : UX DEVICE CLASS RTOS Condition cause : null
2024-03-12 09:58:23,354 [WARN] ConditionMgr:1039 - genDependencies : Invalid condition id : UX DEVICE CLASS RTOS Condition cause : null
2024-03-12 09:58:23,356 [WARN] ConditionMgr:1039 - genDependencies : Invalid condition id : UX DEVICE CLASS RTOS Condition cause : null
2024-03-12 09:58:23,356 [WARN] ConditionMgr:1039 - genDependencies : Invalid condition id : UX DEVICE CLASS RTOS Condition cause : null
2024-03-12 09:58:23,384 [WARN] PackLoader:240 - Cannot read IP mode file for STMicroelectronics.X-CUBE-NFC7.1.0.1
2024-03-12 09:58:23,415 [WARN] PackLoader:240 - Cannot read IP mode file for STMicroelectronics.X-CUBE-NFC6.3.0.0
2024-03-12 09:58:23,424 [WARN] PackLoader:240 - Cannot read IP mode file for STMicroelectronics.X-CUBE-AI.8.1.0
2024-03-12 09:58:23,463 [WARN] ConditionMgr:438 - getConditionDescription Invalid condition id : LAN8742 Phy interface Condition cause : null
2024-03-12 09:58:23,464 [WARN] PackLoader:240 - Cannot read IP mode file for STMicroelectronics.X-CUBE-AZRTOS-L4.2.0.0
2024-03-12 09:58:23,466 [WARN] ConditionMgr:1039 - genDependencies : Invalid condition id : LAN8742 Phy interface Condition cause : null
2024-03-12 09:58:23,466 [WARN] ConditionMgr:1039 - genDependencies : Invalid condition id : LAN8742 Phy interface Condition cause : null
2024-03-12 09:58:23,467 [WARN] ConditionMgr:1039 - genDependencies : Invalid condition id : LAN8742 Phy interface Condition cause : null
2024-03-12 09:58:23,494 [WARN] PackLoader:240 - Cannot read IP mode file for STMicroelectronics.X-CUBE-SFXS2LP1.4.0.0
2024-03-12 09:58:23,515 [WARN] PackLoader:240 - Cannot read IP mode file for STMicroelectronics.X-CUBE-ISPU.1.1.0
2024-03-12 09:58:23,563 [WARN] ConditionMgr:438 - getConditionDescription Invalid condition id : UX DEVICE CLASS RTOS Condition cause : null
2024-03-12 09:58:23,563 [WARN] ConditionMgr:438 - getConditionDescription Invalid condition id : UX DEVICE CLASS RTOS Condition cause : null
2024-03-12 09:58:23,567 [WARN] PackLoader:240 - Cannot read IP mode file for STMicroelectronics.X-CUBE-AZRTOS-WB.2.0.0
2024-03-12 09:58:23,568 [WARN] ConditionMgr:1039 - genDependencies : Invalid condition id : UX DEVICE CLASS RTOS Condition cause : null
2024-03-12 09:58:23,568 [WARN] ConditionMgr:1039 - genDependencies : Invalid condition id : UX DEVICE CLASS RTOS Condition cause : null
2024-03-12 09:58:23,569 [WARN] ConditionMgr:1039 - genDependencies : Invalid condition id : UX DEVICE CLASS RTOS Condition cause : null
2024-03-12 09:58:23,569 [WARN] ConditionMgr:1039 - genDependencies : Invalid condition id : UX DEVICE CLASS RTOS Condition cause : null
2024-03-12 09:58:23,570 [WARN] ConditionMgr:1039 - genDependencies : Invalid condition id : UX DEVICE CLASS RTOS Condition cause : null
2024-03-12 09:58:23,602 [WARN] PackLoader:240 - Cannot read IP mode file for STMicroelectronics.X-CUBE-SUBG2.5.0.0
2024-03-12 09:58:23,684 [WARN] PackLoader:240 - Cannot read IP mode file for STMicroelectronics.X-CUBE-TOF1.3.3.1
2024-03-12 09:58:23,809 [WARN] PackLoader:240 - Cannot read IP mode file for STMicroelectronics.X-CUBE-AZRTOS-G4.2.0.0
2024-03-12 09:58:23,860 [WARN] PackLoader:240 - Cannot read IP mode file for Infineon.AIROC-Wi-Fi-Bluetooth-STM32.1.5.1
2024-03-12 09:58:23,910 [WARN] PackLoader:240 - Cannot read IP mode file for STMicroelectronics.FP-SNS-MOTENVWB1.1.3.0
2024-03-12 09:58:23,920 [WARN] PackLoader:240 - Cannot read IP mode file for STMicroelectronics.FP-SNS-MOTENVWB1.1.3.1
2024-03-12 09:58:23,942 [WARN] PackLoader:240 - Cannot read IP mode file for STMicroelectronics.X-CUBE-ISPU.2.0.0
2024-03-12 09:58:24,040 [WARN] PackLoader:240 - Cannot read IP mode file for STMicroelectronics.X-CUBE-MEMS1.10.0.0
2024-03-12 09:58:24,362 [WARN] PackLoader:240 - Cannot read IP mode file for STMicroelectronics.X-CUBE-FREERTOS.1.1.0
2024-03-12 09:58:24,424 [WARN] PackLoader:240 - Cannot read IP mode file for portGmbH.I-Cube-SoM-uGOAL.1.1.0
2024-03-12 09:58:24,487 [WARN] PackLoader:240 - Cannot read IP mode file for STMicroelectronics.X-CUBE-ALS.1.0.1
2024-03-12 09:58:24,571 [WARN] PackLoader:240 - Cannot read IP mode file for STMicroelectronics.FP-ATR-ASTRA1.2.0.0
2024-03-12 09:58:24,618 [WARN] PackLoader:240 - Cannot read IP mode file for STMicroelectronics.X-CUBE-TOF1.3.4.0
2024-03-12 09:58:24,732 [WARN] PackLoader:240 - Cannot read IP mode file for STMicroelectronics.X-CUBE-TOF1.3.4.1
2024-03-12 09:58:24,785 [WARN] PackLoader:240 - Cannot read IP mode file for STMicroelectronics.X-CUBE-AZRTOS-H7.3.2.0
2024-03-12 09:58:24,790 [INFO] ThirdParty:978 - Integrity check success = true
2024-03-12 09:58:24,790 [INFO] IntegrityCheckThread:100 - exiting critical section [integrity check]
2024-03-12 09:58:24,790 [INFO] IntegrityCheckThread:103 - End integrity checks thread
2024-03-12 09:58:24,797 [ERROR] LogOutputStream:75 - [STDERR_REDIRECT] 
2024-03-12 10:09:15,104 [INFO] Activator:176 - 


2024-03-12 10:09:15,108 [INFO] Activator:177 - !SESSION log4j initialized
2024-03-12 10:09:23,250 [INFO] LogOutputStream:77 - [STDOUT_REDIRECT] 
2024-03-12 10:09:24,172 [INFO] ApplicationProperties:184 - Using Application install path: O:\STM32CubeIDE_1.13.2\STM32CubeIDE\plugins\com.st.stm32cube.common.mx_6.9.2.202309101412
2024-03-12 10:09:24,196 [INFO] DbMcusXml:78 - Set database path to: O:\STM32CubeIDE_1.13.2\STM32CubeIDE\plugins\com.st.stm32cube.common.mx_6.9.2.202309101412\\db\/mcu/
2024-03-12 10:09:24,196 [INFO] ApiDb:274 - Set plugin database path to: O:\STM32CubeIDE_1.13.2\STM32CubeIDE\plugins\com.st.stm32cube.common.mx_6.9.2.202309101412\\db\/plugins/boardmanager/
2024-03-12 10:09:24,196 [WARN] ApiDb:259 - Overriding images path with different value:  => O:\STM32CubeIDE_1.13.2\STM32CubeIDE\plugins\com.st.stm32cube.common.mx_6.9.2.202309101412\\db\/plugins/mcufinder/images/
2024-03-12 10:09:24,211 [INFO] ApiDb:250 - Set database path to: C:\Users\ledin\.stmcufinder\plugins\mcufinder//mcu/
2024-03-12 10:09:24,212 [INFO] DbMcusAds:125 - Set database path to: C:\Users\ledin\.stmcufinder\plugins\mcufinder//mcu/
2024-03-12 10:09:24,215 [INFO] CrossReferenceDbSqlite:203 - Set database path to: C:\Users\ledin\.stmcufinder\plugins\mcufinder//mcu/cs/
2024-03-12 10:09:24,390 [INFO] RulesReader:64 - Compatibility file has been processed (293 Rules)
2024-03-12 10:09:24,521 [INFO] DbMcusXml:78 - Set database path to: O:\STM32CubeIDE_1.13.2\STM32CubeIDE\plugins\com.st.stm32cube.common.mx_6.9.2.202309101412\\db\/mcu/
2024-03-12 10:09:24,522 [INFO] ApiDb:274 - Set plugin database path to: O:\STM32CubeIDE_1.13.2\STM32CubeIDE\plugins\com.st.stm32cube.common.mx_6.9.2.202309101412\\db\/plugins/boardmanager/
2024-03-12 10:09:24,522 [INFO] ApiDb:261 - Set plugin images path to: O:\STM32CubeIDE_1.13.2\STM32CubeIDE\plugins\com.st.stm32cube.common.mx_6.9.2.202309101412\\db\/plugins/mcufinder/images/
2024-03-12 10:09:24,522 [WARN] DbFile:41 - Overriding database path with different value: C:\Users\ledin\.stmcufinder\plugins\mcufinder/ => C:\Users\ledin\.stmcufinder\plugins\mcufinder
2024-03-12 10:09:24,522 [INFO] ApiDb:250 - Set database path to: C:\Users\ledin\.stmcufinder\plugins\mcufinder//mcu/
2024-03-12 10:09:24,522 [WARN] DbFile:41 - Overriding database path with different value: C:\Users\ledin\.stmcufinder\plugins\mcufinder/ => C:\Users\ledin\.stmcufinder\plugins\mcufinder
2024-03-12 10:09:24,523 [INFO] DbMcusAds:125 - Set database path to: C:\Users\ledin\.stmcufinder\plugins\mcufinder//mcu/
2024-03-12 10:09:24,523 [WARN] DbFile:41 - Overriding database path with different value: C:\Users\ledin\.stmcufinder\plugins\mcufinder/ => C:\Users\ledin\.stmcufinder\plugins\mcufinder
2024-03-12 10:09:24,523 [WARN] DbFile:41 - Overriding database path with different value: C:\Users\ledin\.stmcufinder\plugins\mcufinder/ => C:\Users\ledin\.stmcufinder\plugins\mcufinder
2024-03-12 10:09:24,523 [INFO] CrossReferenceDbSqlite:203 - Set database path to: C:\Users\ledin\.stmcufinder\plugins\mcufinder//mcu/cs/
2024-03-12 10:09:24,685 [INFO] MainPanel:262 - HeapMemory: 268435456
2024-03-12 10:09:24,788 [INFO] DbMcusXml:78 - Set database path to: O:\STM32CubeIDE_1.13.2\STM32CubeIDE\plugins\com.st.stm32cube.common.mx_6.9.2.202309101412\\db\/mcu/
2024-03-12 10:09:24,788 [INFO] ApiDb:274 - Set plugin database path to: O:\STM32CubeIDE_1.13.2\STM32CubeIDE\plugins\com.st.stm32cube.common.mx_6.9.2.202309101412\\db\/plugins/boardmanager/
2024-03-12 10:09:24,789 [INFO] ApiDb:261 - Set plugin images path to: O:\STM32CubeIDE_1.13.2\STM32CubeIDE\plugins\com.st.stm32cube.common.mx_6.9.2.202309101412\\db\/plugins/mcufinder/images/
2024-03-12 10:09:24,789 [WARN] DbFile:41 - Overriding database path with different value: C:\Users\ledin\.stmcufinder\plugins\mcufinder/ => C:\Users\ledin\.stmcufinder\plugins\mcufinder
2024-03-12 10:09:24,789 [INFO] ApiDb:250 - Set database path to: C:\Users\ledin\.stmcufinder\plugins\mcufinder//mcu/
2024-03-12 10:09:24,789 [WARN] DbFile:41 - Overriding database path with different value: C:\Users\ledin\.stmcufinder\plugins\mcufinder/ => C:\Users\ledin\.stmcufinder\plugins\mcufinder
2024-03-12 10:09:24,790 [INFO] DbMcusAds:125 - Set database path to: C:\Users\ledin\.stmcufinder\plugins\mcufinder//mcu/
2024-03-12 10:09:24,790 [WARN] DbFile:41 - Overriding database path with different value: C:\Users\ledin\.stmcufinder\plugins\mcufinder/ => C:\Users\ledin\.stmcufinder\plugins\mcufinder
2024-03-12 10:09:24,790 [WARN] DbFile:41 - Overriding database path with different value: C:\Users\ledin\.stmcufinder\plugins\mcufinder/ => C:\Users\ledin\.stmcufinder\plugins\mcufinder
2024-03-12 10:09:24,790 [INFO] CrossReferenceDbSqlite:203 - Set database path to: C:\Users\ledin\.stmcufinder\plugins\mcufinder//mcu/cs/
2024-03-12 10:09:24,814 [INFO] ApplicationProperties:184 - Using Application install path: O:\STM32CubeIDE_1.13.2\STM32CubeIDE\plugins\com.st.stm32cube.common.mx_6.9.2.202309101412
2024-03-12 10:09:24,816 [INFO] PluginManage:196 - Search for loadable plugins [exclusion list=, ]
2024-03-12 10:09:24,817 [INFO] PluginManage:310 - Check plugin analytics
2024-03-12 10:09:25,014 [INFO] AnalyticsPlugin:253 - Accepted Software Licenses: STM32CubeMX.6.8.1,STM32CubeMX.6.9.2
2024-03-12 10:09:25,014 [INFO] AnalyticsPlugin:255 - Accepted CMSIS Pack Licenses: 
2024-03-12 10:09:25,014 [INFO] AnalyticsPlugin:257 - Accepted Firmware Licenses: FW.F4.1.27.0
2024-03-12 10:09:25,020 [INFO] PluginManage:359 - Loaded plugin analytics (category:tool,tabindex:-1)
2024-03-12 10:09:25,021 [INFO] PluginManage:310 - Check plugin cadmodel
2024-03-12 10:09:25,027 [INFO] CADModel:105 - Init CAD model plugin
2024-03-12 10:09:25,027 [INFO] PluginManage:359 - Loaded plugin cadmodel (category:power,tabindex:5)
2024-03-12 10:09:25,028 [INFO] PluginManage:310 - Check plugin clock
2024-03-12 10:09:25,040 [INFO] PluginManage:359 - Loaded plugin clock (category:base,tabindex:2)
2024-03-12 10:09:25,040 [INFO] PluginManage:310 - Check plugin ddr
2024-03-12 10:09:25,042 [INFO] PluginManage:359 - Loaded plugin ddr (category:tool,tabindex:6)
2024-03-12 10:09:25,042 [INFO] PluginManage:310 - Check plugin filemanager
2024-03-12 10:09:25,190 [INFO] PluginManage:359 - Loaded plugin filemanager (category:base,tabindex:10)
2024-03-12 10:09:25,190 [INFO] PluginManage:310 - Check plugin ipmanager
2024-03-12 10:09:25,198 [INFO] PluginManage:359 - Loaded plugin ipmanager (category:base,tabindex:5)
2024-03-12 10:09:25,198 [INFO] PluginManage:310 - Check plugin lpbam
2024-03-12 10:09:25,208 [INFO] PluginManage:359 - Loaded plugin lpbam (category:base,tabindex:0)
2024-03-12 10:09:25,208 [INFO] PluginManage:310 - Check plugin memorymap
2024-03-12 10:09:25,223 [INFO] PluginManage:359 - Loaded plugin memorymap (category:base,tabindex:4)
2024-03-12 10:09:25,224 [INFO] PluginManage:310 - Check plugin pinoutandconfiguration
2024-03-12 10:09:25,235 [INFO] PluginManage:359 - Loaded plugin pinoutandconfiguration (category:base,tabindex:1)
2024-03-12 10:09:25,235 [INFO] PluginManage:310 - Check plugin pinoutconfig
2024-03-12 10:09:25,353 [WARN] SupportedApi:132 - Cannot load RTOS API schema: s4s-elt-must-match.1: The content of 'definitions' must match (annotation?, (simpleType | complexType)?, (unique | key | keyref)*)). A problem was found starting at: attribute.
2024-03-12 10:09:25,518 [INFO] PluginManage:359 - Loaded plugin pinoutconfig (category:base,tabindex:0)
2024-03-12 10:09:25,518 [INFO] PluginManage:310 - Check plugin power
2024-03-12 10:09:25,533 [INFO] PluginManage:359 - Loaded plugin power (category:power,tabindex:4)
2024-03-12 10:09:25,533 [INFO] PluginManage:310 - Check plugin projectmanager
2024-03-12 10:09:25,554 [INFO] PluginManage:359 - Loaded plugin projectmanager (category:projectmanager,tabindex:3)
2024-03-12 10:09:25,555 [INFO] PluginManage:310 - Check plugin thirdparty
2024-03-12 10:09:25,740 [INFO] PluginManage:359 - Loaded plugin thirdparty (category:base,tabindex:-1)
2024-03-12 10:09:25,740 [WARN] IntegrityCheckThread:84 - waiting for thirdparty lock release [integrity check]
2024-03-12 10:09:25,740 [INFO] PluginManage:310 - Check plugin tools
2024-03-12 10:09:25,740 [INFO] IntegrityCheckThread:86 - entering critical section [integrity check]
2024-03-12 10:09:25,741 [INFO] ThirdPartyUpdaterWithRetryManager:70 - Updater plugin not ready yet. [1/15]
2024-03-12 10:09:25,743 [INFO] PluginManage:359 - Loaded plugin tools (category:base,tabindex:7)
2024-03-12 10:09:25,743 [INFO] PluginManage:310 - Check plugin tutovideos
2024-03-12 10:09:25,973 [INFO] PluginManage:359 - Loaded plugin tutovideos (category:base,tabindex:-1)
2024-03-12 10:09:25,973 [INFO] PluginManage:310 - Check plugin updater
2024-03-12 10:09:25,985 [INFO] PluginManage:359 - Loaded plugin updater (category:base,tabindex:12)
2024-03-12 10:09:25,985 [INFO] PluginManage:310 - Check plugin userauth
2024-03-12 10:09:25,992 [INFO] UserAuth:113 - Init User Auth plugin
2024-03-12 10:09:25,992 [INFO] PluginManage:359 - Loaded plugin userauth (category:base,tabindex:14)
2024-03-12 10:09:25,992 [INFO] PluginManage:283 - PluginManage : Loaded plugins [17]
2024-03-12 10:09:26,216 [INFO] PinOutPanel:1499 - setPackage(No Configuration,No Configuration)
2024-03-12 10:09:26,332 [INFO] CADModel:165 - CPN selected for project level
2024-03-12 10:09:26,332 [INFO] CADModel:114 - Register for checkConnection events
2024-03-12 10:09:26,348 [INFO] IPUIPlugin:80 - create IPUIPlugin
2024-03-12 10:09:26,348 [INFO] PluginManager:220 - loadIPPluginJar : add adc
2024-03-12 10:09:26,350 [INFO] IPUIPlugin:80 - create IPUIPlugin
2024-03-12 10:09:26,350 [INFO] PluginManager:220 - loadIPPluginJar : add aes
2024-03-12 10:09:26,353 [INFO] IPUIPlugin:80 - create IPUIPlugin
2024-03-12 10:09:26,353 [INFO] PluginManager:220 - loadIPPluginJar : add can
2024-03-12 10:09:26,354 [INFO] IPUIPlugin:80 - create IPUIPlugin
2024-03-12 10:09:26,354 [INFO] PluginManager:220 - loadIPPluginJar : add comp
2024-03-12 10:09:26,356 [INFO] IPUIPlugin:80 - create IPUIPlugin
2024-03-12 10:09:26,356 [INFO] PluginManager:220 - loadIPPluginJar : add cryp
2024-03-12 10:09:26,357 [INFO] IPUIPlugin:80 - create IPUIPlugin
2024-03-12 10:09:26,357 [INFO] PluginManager:220 - loadIPPluginJar : add dfsdm
2024-03-12 10:09:26,364 [INFO] IPUIPlugin:80 - create IPUIPlugin
2024-03-12 10:09:26,365 [INFO] PluginManager:220 - loadIPPluginJar : add dma
2024-03-12 10:09:26,367 [INFO] IPUIPlugin:80 - create IPUIPlugin
2024-03-12 10:09:26,367 [INFO] PluginManager:220 - loadIPPluginJar : add dma3
2024-03-12 10:09:26,369 [INFO] IPUIPlugin:80 - create IPUIPlugin
2024-03-12 10:09:26,369 [INFO] PluginManager:220 - loadIPPluginJar : add fatfs
2024-03-12 10:09:26,374 [INFO] IPUIPlugin:80 - create IPUIPlugin
2024-03-12 10:09:26,374 [INFO] PluginManager:220 - loadIPPluginJar : add fmc
2024-03-12 10:09:26,380 [INFO] IPUIPlugin:80 - create IPUIPlugin
2024-03-12 10:09:26,380 [INFO] PluginManager:220 - loadIPPluginJar : add freertos
2024-03-12 10:09:26,381 [INFO] IPUIPlugin:80 - create IPUIPlugin
2024-03-12 10:09:26,381 [INFO] PluginManager:220 - loadIPPluginJar : add genericplugin
2024-03-12 10:09:26,382 [INFO] IPUIPlugin:80 - create IPUIPlugin
2024-03-12 10:09:26,383 [INFO] PluginManager:220 - loadIPPluginJar : add gfxmmu
2024-03-12 10:09:26,387 [INFO] IPUIPlugin:80 - create IPUIPlugin
2024-03-12 10:09:26,387 [INFO] PluginManager:220 - loadIPPluginJar : add gic
2024-03-12 10:09:26,390 [INFO] IPUIPlugin:80 - create IPUIPlugin
2024-03-12 10:09:26,391 [INFO] PluginManager:220 - loadIPPluginJar : add gpio
2024-03-12 10:09:26,393 [INFO] IPUIPlugin:80 - create IPUIPlugin
2024-03-12 10:09:26,393 [INFO] PluginManager:220 - loadIPPluginJar : add gtzc
2024-03-12 10:09:26,396 [INFO] IPUIPlugin:80 - create IPUIPlugin
2024-03-12 10:09:26,396 [INFO] PluginManager:220 - loadIPPluginJar : add hash
2024-03-12 10:09:26,398 [INFO] IPUIPlugin:80 - create IPUIPlugin
2024-03-12 10:09:26,398 [INFO] PluginManager:220 - loadIPPluginJar : add i2c
2024-03-12 10:09:26,401 [INFO] IPUIPlugin:80 - create IPUIPlugin
2024-03-12 10:09:26,401 [INFO] PluginManager:220 - loadIPPluginJar : add i2s
2024-03-12 10:09:26,403 [INFO] IPUIPlugin:80 - create IPUIPlugin
2024-03-12 10:09:26,404 [INFO] PluginManager:220 - loadIPPluginJar : add i3c
2024-03-12 10:09:26,406 [INFO] IPUIPlugin:80 - create IPUIPlugin
2024-03-12 10:09:26,406 [INFO] PluginManager:220 - loadIPPluginJar : add ipddr
2024-03-12 10:09:26,414 [INFO] IPUIPlugin:80 - create IPUIPlugin
2024-03-12 10:09:26,414 [INFO] PluginManager:220 - loadIPPluginJar : add linkedlist
2024-03-12 10:09:26,416 [INFO] IPUIPlugin:80 - create IPUIPlugin
2024-03-12 10:09:26,416 [INFO] PluginManager:220 - loadIPPluginJar : add lorawan
2024-03-12 10:09:26,417 [INFO] IPUIPlugin:80 - create IPUIPlugin
2024-03-12 10:09:26,417 [INFO] PluginManager:220 - loadIPPluginJar : add ltdc
2024-03-12 10:09:26,424 [INFO] IPUIPlugin:80 - create IPUIPlugin
2024-03-12 10:09:26,424 [INFO] PluginManager:220 - loadIPPluginJar : add mdma
2024-03-12 10:09:26,429 [INFO] IPUIPlugin:80 - create IPUIPlugin
2024-03-12 10:09:26,430 [INFO] PluginManager:220 - loadIPPluginJar : add nvic
2024-03-12 10:09:26,434 [INFO] IPUIPlugin:80 - create IPUIPlugin
2024-03-12 10:09:26,434 [INFO] PluginManager:220 - loadIPPluginJar : add opamp
2024-03-12 10:09:26,436 [INFO] IPUIPlugin:80 - create IPUIPlugin
2024-03-12 10:09:26,436 [INFO] PluginManager:220 - loadIPPluginJar : add openamp
2024-03-12 10:09:26,439 [INFO] IPUIPlugin:80 - create IPUIPlugin
2024-03-12 10:09:26,439 [INFO] PluginManager:220 - loadIPPluginJar : add pdm2pcm
2024-03-12 10:09:26,444 [INFO] IPUIPlugin:80 - create IPUIPlugin
2024-03-12 10:09:26,446 [INFO] PluginManager:220 - loadIPPluginJar : add plateformsettings
2024-03-12 10:09:26,448 [INFO] IPUIPlugin:80 - create IPUIPlugin
2024-03-12 10:09:26,448 [INFO] PluginManager:220 - loadIPPluginJar : add quadspi
2024-03-12 10:09:26,452 [INFO] IPUIPlugin:80 - create IPUIPlugin
2024-03-12 10:09:26,452 [INFO] PluginManager:220 - loadIPPluginJar : add resmgrutility
2024-03-12 10:09:26,455 [INFO] IPUIPlugin:80 - create IPUIPlugin
2024-03-12 10:09:26,455 [INFO] PluginManager:220 - loadIPPluginJar : add sai
2024-03-12 10:09:26,456 [INFO] IPUIPlugin:80 - create IPUIPlugin
2024-03-12 10:09:26,457 [INFO] PluginManager:220 - loadIPPluginJar : add spi
2024-03-12 10:09:26,461 [INFO] IPUIPlugin:80 - create IPUIPlugin
2024-03-12 10:09:26,461 [INFO] PluginManager:220 - loadIPPluginJar : add stm32_wpan
2024-03-12 10:09:26,464 [INFO] IPUIPlugin:80 - create IPUIPlugin
2024-03-12 10:09:26,464 [INFO] PluginManager:220 - loadIPPluginJar : add tim
2024-03-12 10:09:26,467 [INFO] IPUIPlugin:80 - create IPUIPlugin
2024-03-12 10:09:26,468 [INFO] PluginManager:220 - loadIPPluginJar : add touchsensing
2024-03-12 10:09:26,470 [INFO] IPUIPlugin:80 - create IPUIPlugin
2024-03-12 10:09:26,471 [INFO] PluginManager:220 - loadIPPluginJar : add tracer_emb
2024-03-12 10:09:26,473 [INFO] IPUIPlugin:80 - create IPUIPlugin
2024-03-12 10:09:26,473 [INFO] PluginManager:220 - loadIPPluginJar : add ts
2024-03-12 10:09:26,474 [INFO] IPUIPlugin:80 - create IPUIPlugin
2024-03-12 10:09:26,474 [INFO] PluginManager:220 - loadIPPluginJar : add tsc
2024-03-12 10:09:26,476 [INFO] IPUIPlugin:80 - create IPUIPlugin
2024-03-12 10:09:26,476 [INFO] PluginManager:220 - loadIPPluginJar : add ucpd
2024-03-12 10:09:26,479 [INFO] IPUIPlugin:80 - create IPUIPlugin
2024-03-12 10:09:26,479 [INFO] PluginManager:220 - loadIPPluginJar : add usart
2024-03-12 10:09:26,481 [INFO] IPUIPlugin:80 - create IPUIPlugin
2024-03-12 10:09:26,481 [INFO] PluginManager:220 - loadIPPluginJar : add usbx
2024-03-12 10:09:26,609 [INFO] CADModel:165 - CPN selected for project level
2024-03-12 10:09:26,609 [INFO] CADModel:114 - Register for checkConnection events
2024-03-12 10:09:26,609 [FATAL] Updater:308 - Updater called before beeing initialized
2024-03-12 10:09:26,609 [ERROR] CADModel:125 - Updater not yet initialized, retry later 
2024-03-12 10:09:26,771 [INFO] CADModel:165 - CPN selected for project level
2024-03-12 10:09:26,771 [INFO] CADModel:114 - Register for checkConnection events
2024-03-12 10:09:26,771 [FATAL] Updater:308 - Updater called before beeing initialized
2024-03-12 10:09:26,771 [ERROR] CADModel:125 - Updater not yet initialized, retry later 
2024-03-12 10:09:26,775 [FATAL] Updater:308 - Updater called before beeing initialized
2024-03-12 10:09:26,916 [FATAL] Updater:308 - Updater called before beeing initialized
2024-03-12 10:09:26,926 [INFO] DbMcusAds:53 - JSON generation date=Wed Nov 29 17:52:27 ICT 2023 (1701255147349)
2024-03-12 10:09:26,926 [FATAL] Updater:308 - Updater called before beeing initialized
2024-03-12 10:09:26,971 [WARN] DetailPanel:346 - Failed to get advertising image, set to default
2024-03-12 10:09:27,129 [FATAL] Updater:308 - Updater called before beeing initialized
2024-03-12 10:09:27,131 [FATAL] Updater:308 - Updater called before beeing initialized
2024-03-12 10:09:27,131 [FATAL] Updater:308 - Updater called before beeing initialized
2024-03-12 10:09:27,131 [WARN] DetailPanel:346 - Failed to get advertising image, set to default
2024-03-12 10:09:27,132 [FATAL] Updater:308 - Updater called before beeing initialized
2024-03-12 10:09:27,182 [ERROR] Updater:1120 - MainUpdater not yet initialized. External WinMGr cannot be set.
2024-03-12 10:09:27,183 [INFO] Updater:1056 - Updater Version found : 6.9.2
2024-03-12 10:09:27,209 [INFO] ApplicationProperties:184 - Using Application install path: O:\STM32CubeIDE_1.13.2\STM32CubeIDE\plugins\com.st.stm32cube.common.mx_6.9.2.202309101412
2024-03-12 10:09:28,256 [INFO] MainUpdater:2868 - connection check result : 10
2024-03-12 10:09:28,257 [INFO] MainUpdater:285 - Updater Check For Update Now.
2024-03-12 10:09:28,257 [INFO] MicroXplorer:498 - Change Database Version : DB.6.0.92
2024-03-12 10:09:28,264 [INFO] McuFinderGlobals:63 - Set McuFinder mode to 2 (CubeIDE integrated)
2024-03-12 10:09:28,264 [INFO] UserAuth:179 - activating auth plugin
2024-03-12 10:09:28,268 [INFO] UserAuth:393 - Internet connection configuration mode: 1
2024-03-12 10:09:28,301 [INFO] JxBrowserEngine:151 - Initiate JxBrowser Engine with user profile folder
2024-03-12 10:09:28,485 [INFO] CheckServerUpdateThread:120 - End of CheckServer Thread
2024-03-12 10:09:29,018 [WARN] PackLoader:240 - Cannot read IP mode file for STMicroelectronics.X-CUBE-SMBUS.2.1.0
2024-03-12 10:09:29,035 [WARN] PackLoader:240 - Cannot read IP mode file for STMicroelectronics.X-CUBE-TOUCHGFX.4.23.0
2024-03-12 10:09:29,121 [WARN] PackLoader:240 - Cannot read IP mode file for STMicroelectronics.X-CUBE-AZRTOS-F7.1.1.0
2024-03-12 10:09:29,145 [WARN] PackLoader:240 - Cannot read IP mode file for STMicroelectronics.FP-SNS-MOTENV1.4.3.2
2024-03-12 10:09:29,160 [WARN] PackLoader:240 - Cannot read IP mode file for STMicroelectronics.FP-SNS-FLIGHT1.5.0.2
2024-03-12 10:09:29,181 [WARN] PackLoader:240 - Cannot read IP mode file for STMicroelectronics.X-CUBE-DISPLAY.3.0.0
2024-03-12 10:09:29,207 [WARN] PackLoader:240 - Cannot read IP mode file for STMicroelectronics.X-CUBE-BLE1.7.0.0
2024-03-12 10:09:29,218 [WARN] PackLoader:240 - Cannot read IP mode file for emotas.I-CUBE-CANOPEN.1.3.0
2024-03-12 10:09:29,225 [WARN] PackLoader:240 - Cannot read IP mode file for STMicroelectronics.X-CUBE-TOUCHGFX.4.22.1
2024-03-12 10:09:29,249 [WARN] PackLoader:240 - Cannot read IP mode file for STMicroelectronics.X-CUBE-BLEMGR.3.1.0
2024-03-12 10:09:29,265 [WARN] PackLoader:240 - Cannot read IP mode file for STMicroelectronics.FP-SNS-SMARTAG2.1.2.0
2024-03-12 10:09:29,289 [INFO] LogOutputStream:77 - [STDOUT_REDIRECT] 1 : Invalid condition id : UX_CORESTACK_Condition cause : null
2024-03-12 10:09:29,290 [INFO] LogOutputStream:77 - [STDOUT_REDIRECT] 1 : Invalid condition id : UX_CORESTACK_Condition cause : null
2024-03-12 10:09:29,292 [INFO] LogOutputStream:77 - [STDOUT_REDIRECT] 1 : Invalid condition id : UX_CORESTACK_Condition cause : null
2024-03-12 10:09:29,294 [INFO] LogOutputStream:77 - [STDOUT_REDIRECT] 1 : Invalid condition id : UX_CORESTACK_Condition cause : null
2024-03-12 10:09:29,296 [INFO] LogOutputStream:77 - [STDOUT_REDIRECT] 1 : Invalid condition id : UX_CORESTACK_Condition cause : null
2024-03-12 10:09:29,306 [WARN] PackLoader:240 - Cannot read IP mode file for STMicroelectronics.X-CUBE-AZRTOS-WL.2.0.0
2024-03-12 10:09:29,323 [WARN] PackLoader:240 - Cannot read IP mode file for WES.I-CUBE-Cesium.1.3.0
2024-03-12 10:09:29,331 [WARN] PackLoader:240 - Cannot read IP mode file for STMicroelectronics.X-CUBE-BLE2.3.3.0
2024-03-12 10:09:29,344 [WARN] PackLoader:240 - Cannot read IP mode file for STMicroelectronics.X-CUBE-ALGOBUILD.1.3.0
2024-03-12 10:09:29,381 [WARN] PackLoader:240 - Cannot read IP mode file for STMicroelectronics.X-CUBE-AZRTOS-G0.1.1.0
2024-03-12 10:09:29,396 [WARN] PackLoader:240 - Cannot read IP mode file for STMicroelectronics.X-CUBE-NFC4.3.0.0
2024-03-12 10:09:29,415 [WARN] PackLoader:240 - Cannot read IP mode file for STMicroelectronics.X-CUBE-BLEMGR.3.0.0
2024-03-12 10:09:29,426 [WARN] PackLoader:240 - Cannot read IP mode file for STMicroelectronics.FP-ATR-SIGFOX1.3.2.0
2024-03-12 10:09:29,437 [WARN] PackLoader:240 - Cannot read IP mode file for STMicroelectronics.X-CUBE-EEPRMA1.5.1.0
2024-03-12 10:09:29,526 [WARN] PackLoader:240 - Cannot read IP mode file for SEGGER.I-CUBE-embOS.1.3.1
2024-03-12 10:09:29,728 [WARN] PackLoader:240 - Cannot read IP mode file for STMicroelectronics.X-CUBE-GNSS1.6.0.0
2024-03-12 10:09:29,769 [WARN] PackLoader:240 - Cannot read IP mode file for STMicroelectronics.X-CUBE-AZRTOS-F4.1.1.0
2024-03-12 10:09:29,780 [WARN] PackLoader:240 - Cannot read IP mode file for wolfSSL.I-CUBE-wolfSSL.5.6.4
2024-03-12 10:09:29,847 [WARN] PackLoader:240 - Cannot read IP mode file for STMicroelectronics.X-CUBE-AZRTOS-L5.2.0.0
2024-03-12 10:09:29,889 [WARN] PackLoader:240 - Cannot read IP mode file for STMicroelectronics.X-CUBE-EEPRMA1.4.2.0
2024-03-12 10:09:29,898 [WARN] PackLoader:240 - Cannot read IP mode file for ITTIA_DB.I-CUBE-ITTIADB.8.8.0
2024-03-12 10:09:29,976 [WARN] ConditionMgr:438 - getConditionDescription Invalid condition id : UX DEVICE CLASS RTOS Condition cause : null
2024-03-12 10:09:29,976 [WARN] ConditionMgr:438 - getConditionDescription Invalid condition id : UX DEVICE CLASS RTOS Condition cause : null
2024-03-12 10:09:29,982 [WARN] PackLoader:240 - Cannot read IP mode file for STMicroelectronics.X-CUBE-AZRTOS-H7.3.1.0
2024-03-12 10:09:29,984 [WARN] ConditionMgr:1039 - genDependencies : Invalid condition id : UX DEVICE CLASS RTOS Condition cause : null
2024-03-12 10:09:29,984 [WARN] ConditionMgr:1039 - genDependencies : Invalid condition id : UX DEVICE CLASS RTOS Condition cause : null
2024-03-12 10:09:29,985 [WARN] ConditionMgr:1039 - genDependencies : Invalid condition id : UX DEVICE CLASS RTOS Condition cause : null
2024-03-12 10:09:29,986 [WARN] ConditionMgr:1039 - genDependencies : Invalid condition id : UX DEVICE CLASS RTOS Condition cause : null
2024-03-12 10:09:29,987 [WARN] ConditionMgr:1039 - genDependencies : Invalid condition id : UX DEVICE CLASS RTOS Condition cause : null
2024-03-12 10:09:29,997 [WARN] PackLoader:240 - Cannot read IP mode file for STMicroelectronics.X-CUBE-NFC7.1.0.1
2024-03-12 10:09:30,011 [WARN] PackLoader:240 - Cannot read IP mode file for STMicroelectronics.X-CUBE-NFC6.3.0.0
2024-03-12 10:09:30,026 [WARN] PackLoader:240 - Cannot read IP mode file for STMicroelectronics.X-CUBE-AI.8.1.0
2024-03-12 10:09:30,061 [WARN] ConditionMgr:438 - getConditionDescription Invalid condition id : LAN8742 Phy interface Condition cause : null
2024-03-12 10:09:30,062 [WARN] PackLoader:240 - Cannot read IP mode file for STMicroelectronics.X-CUBE-AZRTOS-L4.2.0.0
2024-03-12 10:09:30,064 [WARN] ConditionMgr:1039 - genDependencies : Invalid condition id : LAN8742 Phy interface Condition cause : null
2024-03-12 10:09:30,064 [WARN] ConditionMgr:1039 - genDependencies : Invalid condition id : LAN8742 Phy interface Condition cause : null
2024-03-12 10:09:30,066 [WARN] ConditionMgr:1039 - genDependencies : Invalid condition id : LAN8742 Phy interface Condition cause : null
2024-03-12 10:09:30,091 [WARN] PackLoader:240 - Cannot read IP mode file for STMicroelectronics.X-CUBE-SFXS2LP1.4.0.0
2024-03-12 10:09:30,100 [WARN] PackLoader:240 - Cannot read IP mode file for STMicroelectronics.X-CUBE-ISPU.1.1.0
2024-03-12 10:09:30,158 [WARN] ConditionMgr:438 - getConditionDescription Invalid condition id : UX DEVICE CLASS RTOS Condition cause : null
2024-03-12 10:09:30,159 [WARN] ConditionMgr:438 - getConditionDescription Invalid condition id : UX DEVICE CLASS RTOS Condition cause : null
2024-03-12 10:09:30,164 [WARN] PackLoader:240 - Cannot read IP mode file for STMicroelectronics.X-CUBE-AZRTOS-WB.2.0.0
2024-03-12 10:09:30,165 [WARN] ConditionMgr:1039 - genDependencies : Invalid condition id : UX DEVICE CLASS RTOS Condition cause : null
2024-03-12 10:09:30,165 [WARN] ConditionMgr:1039 - genDependencies : Invalid condition id : UX DEVICE CLASS RTOS Condition cause : null
2024-03-12 10:09:30,166 [WARN] ConditionMgr:1039 - genDependencies : Invalid condition id : UX DEVICE CLASS RTOS Condition cause : null
2024-03-12 10:09:30,166 [WARN] ConditionMgr:1039 - genDependencies : Invalid condition id : UX DEVICE CLASS RTOS Condition cause : null
2024-03-12 10:09:30,166 [WARN] ConditionMgr:1039 - genDependencies : Invalid condition id : UX DEVICE CLASS RTOS Condition cause : null
2024-03-12 10:09:30,200 [WARN] PackLoader:240 - Cannot read IP mode file for STMicroelectronics.X-CUBE-SUBG2.5.0.0
2024-03-12 10:09:30,249 [WARN] PackLoader:240 - Cannot read IP mode file for STMicroelectronics.X-CUBE-TOF1.3.3.1
2024-03-12 10:09:30,295 [WARN] PackLoader:240 - Cannot read IP mode file for STMicroelectronics.X-CUBE-AZRTOS-G4.2.0.0
2024-03-12 10:09:30,330 [WARN] PackLoader:240 - Cannot read IP mode file for Infineon.AIROC-Wi-Fi-Bluetooth-STM32.1.5.1
2024-03-12 10:09:30,351 [WARN] PackLoader:240 - Cannot read IP mode file for STMicroelectronics.FP-SNS-MOTENVWB1.1.3.0
2024-03-12 10:09:30,361 [WARN] PackLoader:240 - Cannot read IP mode file for STMicroelectronics.FP-SNS-MOTENVWB1.1.3.1
2024-03-12 10:09:30,369 [WARN] PackLoader:240 - Cannot read IP mode file for STMicroelectronics.X-CUBE-ISPU.2.0.0
2024-03-12 10:09:30,372 [INFO] WebApp:157 - Instantiating new browser for Auth
2024-03-12 10:09:30,446 [WARN] PackLoader:240 - Cannot read IP mode file for STMicroelectronics.X-CUBE-MEMS1.10.0.0
2024-03-12 10:09:30,754 [WARN] PackLoader:240 - Cannot read IP mode file for STMicroelectronics.X-CUBE-FREERTOS.1.1.0
2024-03-12 10:09:30,802 [WARN] PackLoader:240 - Cannot read IP mode file for portGmbH.I-Cube-SoM-uGOAL.1.1.0
2024-03-12 10:09:30,813 [WARN] PackLoader:240 - Cannot read IP mode file for STMicroelectronics.X-CUBE-ALS.1.0.1
2024-03-12 10:09:30,821 [WARN] PackLoader:240 - Cannot read IP mode file for STMicroelectronics.FP-ATR-ASTRA1.2.0.0
2024-03-12 10:09:30,839 [WARN] PackLoader:240 - Cannot read IP mode file for STMicroelectronics.X-CUBE-TOF1.3.4.0
2024-03-12 10:09:30,877 [WARN] PackLoader:240 - Cannot read IP mode file for STMicroelectronics.X-CUBE-TOF1.3.4.1
2024-03-12 10:09:30,928 [WARN] PackLoader:240 - Cannot read IP mode file for STMicroelectronics.X-CUBE-AZRTOS-H7.3.2.0
2024-03-12 10:09:30,934 [INFO] ThirdParty:978 - Integrity check success = true
2024-03-12 10:09:30,934 [INFO] IntegrityCheckThread:100 - exiting critical section [integrity check]
2024-03-12 10:09:30,934 [INFO] IntegrityCheckThread:103 - End integrity checks thread
2024-03-12 10:09:31,410 [INFO] WebApp:753 - Register for checkConnection events
2024-03-12 10:09:31,410 [INFO] WebApp:390 - Apply proxy settings
2024-03-12 10:09:31,411 [INFO] WebApp:475 - Chromium requires no authentication
2024-03-12 10:09:31,422 [INFO] WebApp:418 - Direct internet connection detected
2024-03-12 10:09:31,670 [INFO] WebApp:188 - Starting web application
2024-03-12 10:09:31,671 [INFO] WebApp:520 - Web application path used O:\STM32CubeIDE_1.13.2\STM32CubeIDE\plugins\com.st.stm32cube.common.mx_6.9.2.202309101412\db\plugins\mcufinder\reactClient1\index.html
2024-03-12 10:09:52,787 [ERROR] LogOutputStream:75 - [STDERR_REDIRECT] SLF4J: Failed to load class "org.slf4j.impl.StaticLoggerBinder".
2024-03-12 10:09:52,788 [ERROR] LogOutputStream:75 - [STDERR_REDIRECT] SLF4J: Defaulting to no-operation (NOP) logger implementation
2024-03-12 10:09:52,789 [ERROR] LogOutputStream:75 - [STDERR_REDIRECT] SLF4J: See http://www.slf4j.org/codes.html#StaticLoggerBinder for further details.
2024-03-12 10:17:31,614 [ERROR] LogOutputStream:75 - [STDERR_REDIRECT] 
